[2023-11-28 05:32:19] production.DEBUG: SENDINBLUE EMIT EVENT : user: jessicaharms@vodafone.de event: Neue Anmeldung attributes: {"DOUBLE_OPT-IN":1,"NOTIFICATION_AKTIONEN":true,"NOTIFICATION_BEFRAGUNG":true,"NOTIFICATION_AUTOMATION":true,"REGISTER_DATE":"2023-11-28"}  
[2023-11-28 13:11:17] production.DEBUG: SENDINBLUE GET CONTACT: user: ploetzlich-allein@gmx.de [404] Client error: `GET https://api.brevo.com/v3/contacts/ploetzlich-allein%40gmx.de` resulted in a `404 Not Found` response:
{"code":"document_not_found","message":"Contact does not exist"}
  
[2023-11-28 13:13:22] production.DEBUG: SENDINBLUE EMIT EVENT : user: ploetzlich-allein@gmx.de event: Neue Anmeldung attributes: {"DOUBLE_OPT-IN":1,"NOTIFICATION_AKTIONEN":true,"NOTIFICATION_BEFRAGUNG":true,"NOTIFICATION_AUTOMATION":true,"REGISTER_DATE":"2023-11-28"}  
[2023-11-28 13:14:29] production.DEBUG: SENDINBLUE EMIT EVENT : user: ploetzlich-allein@gmx.de event: Trauernder oder Trauerhelfer attributes: {"MEMBER_TYPE":"mourner"}  
[2023-11-28 13:23:02] production.DEBUG: SENDINBLUE EMIT EVENT : user: ploetzlich-allein@gmx.de event: Fragebogen ausgefüllt attributes: {"FRABO_COMPLETE":true}  
[2023-11-28 13:26:12] production.DEBUG: SENDINBLUE EMIT EVENT : user: ploetzlich-allein@gmx.de event: Profilspruch ausgefüllt attributes: {"PROFILE_SLOGAN_SET":true}  
[2023-11-28 13:37:48] production.DEBUG: SENDINBLUE EMIT EVENT : user: ploetzlich-allein@gmx.de event: Fremdprofil angeschaut attributes: {"FOREIGN_PROFILE_VIEWED":true}  
[2023-11-28 14:59:26] production.DEBUG: SENDINBLUE GET CONTACT: user: k.bergunde@googlemail.com [404] Client error: `GET https://api.brevo.com/v3/contacts/k.bergunde%40googlemail.com` resulted in a `404 Not Found` response:
{"code":"document_not_found","message":"Contact does not exist"}
  
[2023-11-28 15:00:06] production.DEBUG: SENDINBLUE EMIT EVENT : user: k.bergunde@googlemail.com event: Trauernder oder Trauerhelfer attributes: {"MEMBER_TYPE":"mourner"}  
[2023-11-28 15:05:15] production.DEBUG: SENDINBLUE EMIT EVENT : user: k.bergunde@googlemail.com event: Fragebogen ausgefüllt attributes: {"FRABO_COMPLETE":true}  
[2023-11-28 15:06:39] production.DEBUG: SENDINBLUE EMIT EVENT : user: k.bergunde@googlemail.com event: Anfrage versenden attributes: {"PREMIUM_PAYWALL_SEEN":true}  
[2023-11-28 15:13:19] production.DEBUG: SENDINBLUE EMIT EVENT : user: k.bergunde@googlemail.com event: Neue Anmeldung attributes: {"DOUBLE_OPT-IN":1,"NOTIFICATION_AKTIONEN":true,"NOTIFICATION_BEFRAGUNG":true,"NOTIFICATION_AUTOMATION":true,"REGISTER_DATE":"2023-11-28"}  
[2023-11-28 15:29:02] production.DEBUG: SENDINBLUE EMIT EVENT : user: k.bergunde@googlemail.com event: Fremdprofil angeschaut attributes: {"FOREIGN_PROFILE_VIEWED":true}  
[2023-11-28 15:29:57] production.DEBUG: SENDINBLUE EMIT EVENT : user: k.bergunde@googlemail.com event: Anfrage versenden attributes: {"PREMIUM_PAYWALL_SEEN":true}  
[2023-11-28 15:30:32] production.DEBUG: SENDINBLUE EMIT EVENT : user: k.bergunde@googlemail.com event: Anfrage versenden attributes: {"PREMIUM_PAYWALL_SEEN":true}  
[2023-11-28 15:31:37] production.DEBUG: SENDINBLUE EMIT EVENT : user: k.bergunde@googlemail.com event: Anfrage versenden attributes: {"PREMIUM_PAYWALL_SEEN":true}  
[2023-11-28 17:36:38] production.ERROR: The user credentials were incorrect. {"exception":"[object] (Laravel\\Passport\\Exceptions\\OAuthServerException(code: 6): The user credentials were incorrect. at /home/470763.cloudwaysapps.com/tudjznbtye/public_html/releases/a77e6f4d01eef97a18ce7ecea393eb6cf2d8a9c3/vendor/laravel/passport/src/Http/Controllers/HandlesOAuthErrors.php:26)
[stacktrace]
#0 /home/470763.cloudwaysapps.com/tudjznbtye/public_html/releases/a77e6f4d01eef97a18ce7ecea393eb6cf2d8a9c3/vendor/laravel/passport/src/Http/Controllers/AccessTokenController.php(54): Laravel\\Passport\\Http\\Controllers\\AccessTokenController->withErrorHandling()
#1 /home/470763.cloudwaysapps.com/tudjznbtye/public_html/releases/a77e6f4d01eef97a18ce7ecea393eb6cf2d8a9c3/vendor/laravel/framework/src/Illuminate/Routing/ControllerDispatcher.php(46): Laravel\\Passport\\Http\\Controllers\\AccessTokenController->issueToken()
#2 /home/470763.cloudwaysapps.com/tudjznbtye/public_html/releases/a77e6f4d01eef97a18ce7ecea393eb6cf2d8a9c3/vendor/laravel/framework/src/Illuminate/Routing/Route.php(260): Illuminate\\Routing\\ControllerDispatcher->dispatch()
#3 /home/470763.cloudwaysapps.com/tudjznbtye/public_html/releases/a77e6f4d01eef97a18ce7ecea393eb6cf2d8a9c3/vendor/laravel/framework/src/Illuminate/Routing/Route.php(205): Illuminate\\Routing\\Route->runController()
#4 /home/470763.cloudwaysapps.com/tudjznbtye/public_html/releases/a77e6f4d01eef97a18ce7ecea393eb6cf2d8a9c3/vendor/laravel/framework/src/Illuminate/Routing/Router.php(799): Illuminate\\Routing\\Route->run()
#5 /home/470763.cloudwaysapps.com/tudjznbtye/public_html/releases/a77e6f4d01eef97a18ce7ecea393eb6cf2d8a9c3/vendor/laravel/framework/src/Illuminate/Pipeline/Pipeline.php(141): Illuminate\\Routing\\Router->Illuminate\\Routing\\{closure}()
#6 /home/470763.cloudwaysapps.com/tudjznbtye/public_html/releases/a77e6f4d01eef97a18ce7ecea393eb6cf2d8a9c3/vendor/laravel/framework/src/Illuminate/Routing/Middleware/ThrottleRequests.php(159): Illuminate\\Pipeline\\Pipeline->Illuminate\\Pipeline\\{closure}()
#7 /home/470763.cloudwaysapps.com/tudjznbtye/public_html/releases/a77e6f4d01eef97a18ce7ecea393eb6cf2d8a9c3/vendor/laravel/framework/src/Illuminate/Routing/Middleware/ThrottleRequests.php(95): Illuminate\\Routing\\Middleware\\ThrottleRequests->handleRequest()
#8 /home/470763.cloudwaysapps.com/tudjznbtye/public_html/releases/a77e6f4d01eef97a18ce7ecea393eb6cf2d8a9c3/vendor/laravel/framework/src/Illuminate/Pipeline/Pipeline.php(180): Illuminate\\Routing\\Middleware\\ThrottleRequests->handle()
#9 /home/470763.cloudwaysapps.com/tudjznbtye/public_html/releases/a77e6f4d01eef97a18ce7ecea393eb6cf2d8a9c3/vendor/laravel/framework/src/Illuminate/Pipeline/Pipeline.php(116): Illuminate\\Pipeline\\Pipeline->Illuminate\\Pipeline\\{closure}()
#10 /home/470763.cloudwaysapps.com/tudjznbtye/public_html/releases/a77e6f4d01eef97a18ce7ecea393eb6cf2d8a9c3/vendor/laravel/framework/src/Illuminate/Routing/Router.php(800): Illuminate\\Pipeline\\Pipeline->then()
#11 /home/470763.cloudwaysapps.com/tudjznbtye/public_html/releases/a77e6f4d01eef97a18ce7ecea393eb6cf2d8a9c3/vendor/laravel/framework/src/Illuminate/Routing/Router.php(777): Illuminate\\Routing\\Router->runRouteWithinStack()
#12 /home/470763.cloudwaysapps.com/tudjznbtye/public_html/releases/a77e6f4d01eef97a18ce7ecea393eb6cf2d8a9c3/vendor/laravel/framework/src/Illuminate/Routing/Router.php(741): Illuminate\\Routing\\Router->runRoute()
#13 /home/470763.cloudwaysapps.com/tudjznbtye/public_html/releases/a77e6f4d01eef97a18ce7ecea393eb6cf2d8a9c3/vendor/laravel/framework/src/Illuminate/Routing/Router.php(730): Illuminate\\Routing\\Router->dispatchToRoute()
#14 /home/470763.cloudwaysapps.com/tudjznbtye/public_html/releases/a77e6f4d01eef97a18ce7ecea393eb6cf2d8a9c3/vendor/laravel/framework/src/Illuminate/Foundation/Http/Kernel.php(200): Illuminate\\Routing\\Router->dispatch()
#15 /home/470763.cloudwaysapps.com/tudjznbtye/public_html/releases/a77e6f4d01eef97a18ce7ecea393eb6cf2d8a9c3/vendor/laravel/framework/src/Illuminate/Pipeline/Pipeline.php(141): Illuminate\\Foundation\\Http\\Kernel->Illuminate\\Foundation\\Http\\{closure}()
#16 /home/470763.cloudwaysapps.com/tudjznbtye/public_html/releases/a77e6f4d01eef97a18ce7ecea393eb6cf2d8a9c3/nova-components/nova-impersonate/src/Http/Middleware/Impersonate.php(24): Illuminate\\Pipeline\\Pipeline->Illuminate\\Pipeline\\{closure}()
#17 /home/470763.cloudwaysapps.com/tudjznbtye/public_html/releases/a77e6f4d01eef97a18ce7ecea393eb6cf2d8a9c3/vendor/laravel/framework/src/Illuminate/Pipeline/Pipeline.php(180): trosthelden\\NovaImpersonate\\Http\\Middleware\\Impersonate->handle()
#18 /home/470763.cloudwaysapps.com/tudjznbtye/public_html/releases/a77e6f4d01eef97a18ce7ecea393eb6cf2d8a9c3/vendor/laravel/nova/src/Http/Middleware/ServeNova.php(23): Illuminate\\Pipeline\\Pipeline->Illuminate\\Pipeline\\{closure}()
#19 /home/470763.cloudwaysapps.com/tudjznbtye/public_html/releases/a77e6f4d01eef97a18ce7ecea393eb6cf2d8a9c3/vendor/laravel/framework/src/Illuminate/Pipeline/Pipeline.php(180): Laravel\\Nova\\Http\\Middleware\\ServeNova->handle()
#20 /home/470763.cloudwaysapps.com/tudjznbtye/public_html/releases/a77e6f4d01eef97a18ce7ecea393eb6cf2d8a9c3/vendor/spatie/laravel-robots-middleware/src/RobotsMiddleware.php(14): Illuminate\\Pipeline\\Pipeline->Illuminate\\Pipeline\\{closure}()
#21 /home/470763.cloudwaysapps.com/tudjznbtye/public_html/releases/a77e6f4d01eef97a18ce7ecea393eb6cf2d8a9c3/vendor/laravel/framework/src/Illuminate/Pipeline/Pipeline.php(180): Spatie\\RobotsMiddleware\\RobotsMiddleware->handle()
#22 /home/470763.cloudwaysapps.com/tudjznbtye/public_html/releases/a77e6f4d01eef97a18ce7ecea393eb6cf2d8a9c3/vendor/laravel/framework/src/Illuminate/Foundation/Http/Middleware/TransformsRequest.php(21): Illuminate\\Pipeline\\Pipeline->Illuminate\\Pipeline\\{closure}()
#23 /home/470763.cloudwaysapps.com/tudjznbtye/public_html/releases/a77e6f4d01eef97a18ce7ecea393eb6cf2d8a9c3/vendor/laravel/framework/src/Illuminate/Foundation/Http/Middleware/ConvertEmptyStringsToNull.php(31): Illuminate\\Foundation\\Http\\Middleware\\TransformsRequest->handle()
#24 /home/470763.cloudwaysapps.com/tudjznbtye/public_html/releases/a77e6f4d01eef97a18ce7ecea393eb6cf2d8a9c3/vendor/laravel/framework/src/Illuminate/Pipeline/Pipeline.php(180): Illuminate\\Foundation\\Http\\Middleware\\ConvertEmptyStringsToNull->handle()
#25 /home/470763.cloudwaysapps.com/tudjznbtye/public_html/releases/a77e6f4d01eef97a18ce7ecea393eb6cf2d8a9c3/vendor/laravel/framework/src/Illuminate/Foundation/Http/Middleware/TransformsRequest.php(21): Illuminate\\Pipeline\\Pipeline->Illuminate\\Pipeline\\{closure}()
#26 /home/470763.cloudwaysapps.com/tudjznbtye/public_html/releases/a77e6f4d01eef97a18ce7ecea393eb6cf2d8a9c3/vendor/laravel/framework/src/Illuminate/Foundation/Http/Middleware/TrimStrings.php(40): Illuminate\\Foundation\\Http\\Middleware\\TransformsRequest->handle()
#27 /home/470763.cloudwaysapps.com/tudjznbtye/public_html/releases/a77e6f4d01eef97a18ce7ecea393eb6cf2d8a9c3/vendor/laravel/framework/src/Illuminate/Pipeline/Pipeline.php(180): Illuminate\\Foundation\\Http\\Middleware\\TrimStrings->handle()
#28 /home/470763.cloudwaysapps.com/tudjznbtye/public_html/releases/a77e6f4d01eef97a18ce7ecea393eb6cf2d8a9c3/vendor/laravel/framework/src/Illuminate/Foundation/Http/Middleware/ValidatePostSize.php(27): Illuminate\\Pipeline\\Pipeline->Illuminate\\Pipeline\\{closure}()
#29 /home/470763.cloudwaysapps.com/tudjznbtye/public_html/releases/a77e6f4d01eef97a18ce7ecea393eb6cf2d8a9c3/vendor/laravel/framework/src/Illuminate/Pipeline/Pipeline.php(180): Illuminate\\Foundation\\Http\\Middleware\\ValidatePostSize->handle()
#30 /home/470763.cloudwaysapps.com/tudjznbtye/public_html/releases/a77e6f4d01eef97a18ce7ecea393eb6cf2d8a9c3/vendor/laravel/framework/src/Illuminate/Foundation/Http/Middleware/PreventRequestsDuringMaintenance.php(99): Illuminate\\Pipeline\\Pipeline->Illuminate\\Pipeline\\{closure}()
#31 /home/470763.cloudwaysapps.com/tudjznbtye/public_html/releases/a77e6f4d01eef97a18ce7ecea393eb6cf2d8a9c3/vendor/laravel/framework/src/Illuminate/Pipeline/Pipeline.php(180): Illuminate\\Foundation\\Http\\Middleware\\PreventRequestsDuringMaintenance->handle()
#32 /home/470763.cloudwaysapps.com/tudjznbtye/public_html/releases/a77e6f4d01eef97a18ce7ecea393eb6cf2d8a9c3/vendor/laravel/framework/src/Illuminate/Http/Middleware/TrustProxies.php(39): Illuminate\\Pipeline\\Pipeline->Illuminate\\Pipeline\\{closure}()
#33 /home/470763.cloudwaysapps.com/tudjznbtye/public_html/releases/a77e6f4d01eef97a18ce7ecea393eb6cf2d8a9c3/vendor/laravel/framework/src/Illuminate/Pipeline/Pipeline.php(180): Illuminate\\Http\\Middleware\\TrustProxies->handle()
#34 /home/470763.cloudwaysapps.com/tudjznbtye/public_html/releases/a77e6f4d01eef97a18ce7ecea393eb6cf2d8a9c3/app/Http/Middleware/MapAuthCookieToHeader.php(38): Illuminate\\Pipeline\\Pipeline->Illuminate\\Pipeline\\{closure}()
#35 /home/470763.cloudwaysapps.com/tudjznbtye/public_html/releases/a77e6f4d01eef97a18ce7ecea393eb6cf2d8a9c3/vendor/laravel/framework/src/Illuminate/Pipeline/Pipeline.php(180): App\\Http\\Middleware\\MapAuthCookieToHeader->handle()
#36 /home/470763.cloudwaysapps.com/tudjznbtye/public_html/releases/a77e6f4d01eef97a18ce7ecea393eb6cf2d8a9c3/vendor/laravel/framework/src/Illuminate/Http/Middleware/HandleCors.php(62): Illuminate\\Pipeline\\Pipeline->Illuminate\\Pipeline\\{closure}()
#37 /home/470763.cloudwaysapps.com/tudjznbtye/public_html/releases/a77e6f4d01eef97a18ce7ecea393eb6cf2d8a9c3/vendor/laravel/framework/src/Illuminate/Pipeline/Pipeline.php(180): Illuminate\\Http\\Middleware\\HandleCors->handle()
#38 /home/470763.cloudwaysapps.com/tudjznbtye/public_html/releases/a77e6f4d01eef97a18ce7ecea393eb6cf2d8a9c3/vendor/laravel/framework/src/Illuminate/Pipeline/Pipeline.php(116): Illuminate\\Pipeline\\Pipeline->Illuminate\\Pipeline\\{closure}()
#39 /home/470763.cloudwaysapps.com/tudjznbtye/public_html/releases/a77e6f4d01eef97a18ce7ecea393eb6cf2d8a9c3/vendor/laravel/framework/src/Illuminate/Foundation/Http/Kernel.php(175): Illuminate\\Pipeline\\Pipeline->then()
#40 /home/470763.cloudwaysapps.com/tudjznbtye/public_html/releases/a77e6f4d01eef97a18ce7ecea393eb6cf2d8a9c3/vendor/laravel/framework/src/Illuminate/Foundation/Http/Kernel.php(144): Illuminate\\Foundation\\Http\\Kernel->sendRequestThroughRouter()
#41 /home/470763.cloudwaysapps.com/tudjznbtye/public_html/releases/a77e6f4d01eef97a18ce7ecea393eb6cf2d8a9c3/vendor/laravel/framework/src/Illuminate/Foundation/Application.php(1084): Illuminate\\Foundation\\Http\\Kernel->handle()
#42 /home/470763.cloudwaysapps.com/tudjznbtye/public_html/releases/a77e6f4d01eef97a18ce7ecea393eb6cf2d8a9c3/app/Http/Controllers/Auth/AccessTokensController.php(212): Illuminate\\Foundation\\Application->handle()
#43 /home/470763.cloudwaysapps.com/tudjznbtye/public_html/releases/a77e6f4d01eef97a18ce7ecea393eb6cf2d8a9c3/app/Http/Controllers/Auth/AccessTokensController.php(90): App\\Http\\Controllers\\Auth\\AccessTokensController->requestPasswordGrant()
#44 /home/470763.cloudwaysapps.com/tudjznbtye/public_html/releases/a77e6f4d01eef97a18ce7ecea393eb6cf2d8a9c3/vendor/laravel/framework/src/Illuminate/Routing/Controller.php(54): App\\Http\\Controllers\\Auth\\AccessTokensController->store()
#45 /home/470763.cloudwaysapps.com/tudjznbtye/public_html/releases/a77e6f4d01eef97a18ce7ecea393eb6cf2d8a9c3/vendor/laravel/framework/src/Illuminate/Routing/ControllerDispatcher.php(43): Illuminate\\Routing\\Controller->callAction()
#46 /home/470763.cloudwaysapps.com/tudjznbtye/public_html/releases/a77e6f4d01eef97a18ce7ecea393eb6cf2d8a9c3/vendor/laravel/framework/src/Illuminate/Routing/Route.php(260): Illuminate\\Routing\\ControllerDispatcher->dispatch()
#47 /home/470763.cloudwaysapps.com/tudjznbtye/public_html/releases/a77e6f4d01eef97a18ce7ecea393eb6cf2d8a9c3/vendor/laravel/framework/src/Illuminate/Routing/Route.php(205): Illuminate\\Routing\\Route->runController()
#48 /home/470763.cloudwaysapps.com/tudjznbtye/public_html/releases/a77e6f4d01eef97a18ce7ecea393eb6cf2d8a9c3/vendor/laravel/framework/src/Illuminate/Routing/Router.php(799): Illuminate\\Routing\\Route->run()
#49 /home/470763.cloudwaysapps.com/tudjznbtye/public_html/releases/a77e6f4d01eef97a18ce7ecea393eb6cf2d8a9c3/vendor/laravel/framework/src/Illuminate/Pipeline/Pipeline.php(141): Illuminate\\Routing\\Router->Illuminate\\Routing\\{closure}()
#50 /home/470763.cloudwaysapps.com/tudjznbtye/public_html/releases/a77e6f4d01eef97a18ce7ecea393eb6cf2d8a9c3/vendor/laravel/framework/src/Illuminate/Routing/Middleware/SubstituteBindings.php(50): Illuminate\\Pipeline\\Pipeline->Illuminate\\Pipeline\\{closure}()
#51 /home/470763.cloudwaysapps.com/tudjznbtye/public_html/releases/a77e6f4d01eef97a18ce7ecea393eb6cf2d8a9c3/vendor/laravel/framework/src/Illuminate/Pipeline/Pipeline.php(180): Illuminate\\Routing\\Middleware\\SubstituteBindings->handle()
#52 /home/470763.cloudwaysapps.com/tudjznbtye/public_html/releases/a77e6f4d01eef97a18ce7ecea393eb6cf2d8a9c3/vendor/laravel/framework/src/Illuminate/Routing/Middleware/ThrottleRequests.php(159): Illuminate\\Pipeline\\Pipeline->Illuminate\\Pipeline\\{closure}()
#53 /home/470763.cloudwaysapps.com/tudjznbtye/public_html/releases/a77e6f4d01eef97a18ce7ecea393eb6cf2d8a9c3/vendor/laravel/framework/src/Illuminate/Routing/Middleware/ThrottleRequests.php(95): Illuminate\\Routing\\Middleware\\ThrottleRequests->handleRequest()
#54 /home/470763.cloudwaysapps.com/tudjznbtye/public_html/releases/a77e6f4d01eef97a18ce7ecea393eb6cf2d8a9c3/vendor/laravel/framework/src/Illuminate/Pipeline/Pipeline.php(180): Illuminate\\Routing\\Middleware\\ThrottleRequests->handle()
#55 /home/470763.cloudwaysapps.com/tudjznbtye/public_html/releases/a77e6f4d01eef97a18ce7ecea393eb6cf2d8a9c3/vendor/laravel/framework/src/Illuminate/Pipeline/Pipeline.php(116): Illuminate\\Pipeline\\Pipeline->Illuminate\\Pipeline\\{closure}()
#56 /home/470763.cloudwaysapps.com/tudjznbtye/public_html/releases/a77e6f4d01eef97a18ce7ecea393eb6cf2d8a9c3/vendor/laravel/framework/src/Illuminate/Routing/Router.php(800): Illuminate\\Pipeline\\Pipeline->then()
#57 /home/470763.cloudwaysapps.com/tudjznbtye/public_html/releases/a77e6f4d01eef97a18ce7ecea393eb6cf2d8a9c3/vendor/laravel/framework/src/Illuminate/Routing/Router.php(777): Illuminate\\Routing\\Router->runRouteWithinStack()
#58 /home/470763.cloudwaysapps.com/tudjznbtye/public_html/releases/a77e6f4d01eef97a18ce7ecea393eb6cf2d8a9c3/vendor/laravel/framework/src/Illuminate/Routing/Router.php(741): Illuminate\\Routing\\Router->runRoute()
#59 /home/470763.cloudwaysapps.com/tudjznbtye/public_html/releases/a77e6f4d01eef97a18ce7ecea393eb6cf2d8a9c3/vendor/laravel/framework/src/Illuminate/Routing/Router.php(730): Illuminate\\Routing\\Router->dispatchToRoute()
#60 /home/470763.cloudwaysapps.com/tudjznbtye/public_html/releases/a77e6f4d01eef97a18ce7ecea393eb6cf2d8a9c3/vendor/laravel/framework/src/Illuminate/Foundation/Http/Kernel.php(200): Illuminate\\Routing\\Router->dispatch()
#61 /home/470763.cloudwaysapps.com/tudjznbtye/public_html/releases/a77e6f4d01eef97a18ce7ecea393eb6cf2d8a9c3/vendor/laravel/framework/src/Illuminate/Pipeline/Pipeline.php(141): Illuminate\\Foundation\\Http\\Kernel->Illuminate\\Foundation\\Http\\{closure}()
#62 /home/470763.cloudwaysapps.com/tudjznbtye/public_html/releases/a77e6f4d01eef97a18ce7ecea393eb6cf2d8a9c3/nova-components/nova-impersonate/src/Http/Middleware/Impersonate.php(24): Illuminate\\Pipeline\\Pipeline->Illuminate\\Pipeline\\{closure}()
#63 /home/470763.cloudwaysapps.com/tudjznbtye/public_html/releases/a77e6f4d01eef97a18ce7ecea393eb6cf2d8a9c3/vendor/laravel/framework/src/Illuminate/Pipeline/Pipeline.php(180): trosthelden\\NovaImpersonate\\Http\\Middleware\\Impersonate->handle()
#64 /home/470763.cloudwaysapps.com/tudjznbtye/public_html/releases/a77e6f4d01eef97a18ce7ecea393eb6cf2d8a9c3/vendor/laravel/nova/src/Http/Middleware/ServeNova.php(23): Illuminate\\Pipeline\\Pipeline->Illuminate\\Pipeline\\{closure}()
#65 /home/470763.cloudwaysapps.com/tudjznbtye/public_html/releases/a77e6f4d01eef97a18ce7ecea393eb6cf2d8a9c3/vendor/laravel/framework/src/Illuminate/Pipeline/Pipeline.php(180): Laravel\\Nova\\Http\\Middleware\\ServeNova->handle()
#66 /home/470763.cloudwaysapps.com/tudjznbtye/public_html/releases/a77e6f4d01eef97a18ce7ecea393eb6cf2d8a9c3/vendor/spatie/laravel-robots-middleware/src/RobotsMiddleware.php(14): Illuminate\\Pipeline\\Pipeline->Illuminate\\Pipeline\\{closure}()
#67 /home/470763.cloudwaysapps.com/tudjznbtye/public_html/releases/a77e6f4d01eef97a18ce7ecea393eb6cf2d8a9c3/vendor/laravel/framework/src/Illuminate/Pipeline/Pipeline.php(180): Spatie\\RobotsMiddleware\\RobotsMiddleware->handle()
#68 /home/470763.cloudwaysapps.com/tudjznbtye/public_html/releases/a77e6f4d01eef97a18ce7ecea393eb6cf2d8a9c3/vendor/laravel/framework/src/Illuminate/Foundation/Http/Middleware/TransformsRequest.php(21): Illuminate\\Pipeline\\Pipeline->Illuminate\\Pipeline\\{closure}()
#69 /home/470763.cloudwaysapps.com/tudjznbtye/public_html/releases/a77e6f4d01eef97a18ce7ecea393eb6cf2d8a9c3/vendor/laravel/framework/src/Illuminate/Foundation/Http/Middleware/ConvertEmptyStringsToNull.php(31): Illuminate\\Foundation\\Http\\Middleware\\TransformsRequest->handle()
#70 /home/470763.cloudwaysapps.com/tudjznbtye/public_html/releases/a77e6f4d01eef97a18ce7ecea393eb6cf2d8a9c3/vendor/laravel/framework/src/Illuminate/Pipeline/Pipeline.php(180): Illuminate\\Foundation\\Http\\Middleware\\ConvertEmptyStringsToNull->handle()
#71 /home/470763.cloudwaysapps.com/tudjznbtye/public_html/releases/a77e6f4d01eef97a18ce7ecea393eb6cf2d8a9c3/vendor/laravel/framework/src/Illuminate/Foundation/Http/Middleware/TransformsRequest.php(21): Illuminate\\Pipeline\\Pipeline->Illuminate\\Pipeline\\{closure}()
#72 /home/470763.cloudwaysapps.com/tudjznbtye/public_html/releases/a77e6f4d01eef97a18ce7ecea393eb6cf2d8a9c3/vendor/laravel/framework/src/Illuminate/Foundation/Http/Middleware/TrimStrings.php(40): Illuminate\\Foundation\\Http\\Middleware\\TransformsRequest->handle()
#73 /home/470763.cloudwaysapps.com/tudjznbtye/public_html/releases/a77e6f4d01eef97a18ce7ecea393eb6cf2d8a9c3/vendor/laravel/framework/src/Illuminate/Pipeline/Pipeline.php(180): Illuminate\\Foundation\\Http\\Middleware\\TrimStrings->handle()
#74 /home/470763.cloudwaysapps.com/tudjznbtye/public_html/releases/a77e6f4d01eef97a18ce7ecea393eb6cf2d8a9c3/vendor/laravel/framework/src/Illuminate/Foundation/Http/Middleware/ValidatePostSize.php(27): Illuminate\\Pipeline\\Pipeline->Illuminate\\Pipeline\\{closure}()
#75 /home/470763.cloudwaysapps.com/tudjznbtye/public_html/releases/a77e6f4d01eef97a18ce7ecea393eb6cf2d8a9c3/vendor/laravel/framework/src/Illuminate/Pipeline/Pipeline.php(180): Illuminate\\Foundation\\Http\\Middleware\\ValidatePostSize->handle()
#76 /home/470763.cloudwaysapps.com/tudjznbtye/public_html/releases/a77e6f4d01eef97a18ce7ecea393eb6cf2d8a9c3/vendor/laravel/framework/src/Illuminate/Foundation/Http/Middleware/PreventRequestsDuringMaintenance.php(99): Illuminate\\Pipeline\\Pipeline->Illuminate\\Pipeline\\{closure}()
#77 /home/470763.cloudwaysapps.com/tudjznbtye/public_html/releases/a77e6f4d01eef97a18ce7ecea393eb6cf2d8a9c3/vendor/laravel/framework/src/Illuminate/Pipeline/Pipeline.php(180): Illuminate\\Foundation\\Http\\Middleware\\PreventRequestsDuringMaintenance->handle()
#78 /home/470763.cloudwaysapps.com/tudjznbtye/public_html/releases/a77e6f4d01eef97a18ce7ecea393eb6cf2d8a9c3/vendor/laravel/framework/src/Illuminate/Http/Middleware/TrustProxies.php(39): Illuminate\\Pipeline\\Pipeline->Illuminate\\Pipeline\\{closure}()
#79 /home/470763.cloudwaysapps.com/tudjznbtye/public_html/releases/a77e6f4d01eef97a18ce7ecea393eb6cf2d8a9c3/vendor/laravel/framework/src/Illuminate/Pipeline/Pipeline.php(180): Illuminate\\Http\\Middleware\\TrustProxies->handle()
#80 /home/470763.cloudwaysapps.com/tudjznbtye/public_html/releases/a77e6f4d01eef97a18ce7ecea393eb6cf2d8a9c3/app/Http/Middleware/MapAuthCookieToHeader.php(38): Illuminate\\Pipeline\\Pipeline->Illuminate\\Pipeline\\{closure}()
#81 /home/470763.cloudwaysapps.com/tudjznbtye/public_html/releases/a77e6f4d01eef97a18ce7ecea393eb6cf2d8a9c3/vendor/laravel/framework/src/Illuminate/Pipeline/Pipeline.php(180): App\\Http\\Middleware\\MapAuthCookieToHeader->handle()
#82 /home/470763.cloudwaysapps.com/tudjznbtye/public_html/releases/a77e6f4d01eef97a18ce7ecea393eb6cf2d8a9c3/vendor/laravel/framework/src/Illuminate/Http/Middleware/HandleCors.php(62): Illuminate\\Pipeline\\Pipeline->Illuminate\\Pipeline\\{closure}()
#83 /home/470763.cloudwaysapps.com/tudjznbtye/public_html/releases/a77e6f4d01eef97a18ce7ecea393eb6cf2d8a9c3/vendor/laravel/framework/src/Illuminate/Pipeline/Pipeline.php(180): Illuminate\\Http\\Middleware\\HandleCors->handle()
#84 /home/470763.cloudwaysapps.com/tudjznbtye/public_html/releases/a77e6f4d01eef97a18ce7ecea393eb6cf2d8a9c3/vendor/laravel/framework/src/Illuminate/Pipeline/Pipeline.php(116): Illuminate\\Pipeline\\Pipeline->Illuminate\\Pipeline\\{closure}()
#85 /home/470763.cloudwaysapps.com/tudjznbtye/public_html/releases/a77e6f4d01eef97a18ce7ecea393eb6cf2d8a9c3/vendor/laravel/framework/src/Illuminate/Foundation/Http/Kernel.php(175): Illuminate\\Pipeline\\Pipeline->then()
#86 /home/470763.cloudwaysapps.com/tudjznbtye/public_html/releases/a77e6f4d01eef97a18ce7ecea393eb6cf2d8a9c3/vendor/laravel/framework/src/Illuminate/Foundation/Http/Kernel.php(144): Illuminate\\Foundation\\Http\\Kernel->sendRequestThroughRouter()
#87 /home/470763.cloudwaysapps.com/tudjznbtye/public_html/releases/a77e6f4d01eef97a18ce7ecea393eb6cf2d8a9c3/public/index.php(55): Illuminate\\Foundation\\Http\\Kernel->handle()
#88 {main}

[previous exception] [object] (League\\OAuth2\\Server\\Exception\\OAuthServerException(code: 6): The user credentials were incorrect. at /home/470763.cloudwaysapps.com/tudjznbtye/public_html/releases/a77e6f4d01eef97a18ce7ecea393eb6cf2d8a9c3/vendor/league/oauth2-server/src/Exception/OAuthServerException.php:192)
[stacktrace]
#0 /home/470763.cloudwaysapps.com/tudjznbtye/public_html/releases/a77e6f4d01eef97a18ce7ecea393eb6cf2d8a9c3/vendor/league/oauth2-server/src/Grant/PasswordGrant.php(109): League\\OAuth2\\Server\\Exception\\OAuthServerException::invalidCredentials()
#1 /home/470763.cloudwaysapps.com/tudjznbtye/public_html/releases/a77e6f4d01eef97a18ce7ecea393eb6cf2d8a9c3/vendor/league/oauth2-server/src/Grant/PasswordGrant.php(56): League\\OAuth2\\Server\\Grant\\PasswordGrant->validateUser()
#2 /home/470763.cloudwaysapps.com/tudjznbtye/public_html/releases/a77e6f4d01eef97a18ce7ecea393eb6cf2d8a9c3/vendor/league/oauth2-server/src/AuthorizationServer.php(204): League\\OAuth2\\Server\\Grant\\PasswordGrant->respondToAccessTokenRequest()
#3 /home/470763.cloudwaysapps.com/tudjznbtye/public_html/releases/a77e6f4d01eef97a18ce7ecea393eb6cf2d8a9c3/vendor/laravel/passport/src/Http/Controllers/AccessTokenController.php(52): League\\OAuth2\\Server\\AuthorizationServer->respondToAccessTokenRequest()
#4 /home/470763.cloudwaysapps.com/tudjznbtye/public_html/releases/a77e6f4d01eef97a18ce7ecea393eb6cf2d8a9c3/vendor/laravel/passport/src/Http/Controllers/HandlesOAuthErrors.php(24): Laravel\\Passport\\Http\\Controllers\\AccessTokenController->Laravel\\Passport\\Http\\Controllers\\{closure}()
#5 /home/470763.cloudwaysapps.com/tudjznbtye/public_html/releases/a77e6f4d01eef97a18ce7ecea393eb6cf2d8a9c3/vendor/laravel/passport/src/Http/Controllers/AccessTokenController.php(54): Laravel\\Passport\\Http\\Controllers\\AccessTokenController->withErrorHandling()
#6 /home/470763.cloudwaysapps.com/tudjznbtye/public_html/releases/a77e6f4d01eef97a18ce7ecea393eb6cf2d8a9c3/vendor/laravel/framework/src/Illuminate/Routing/ControllerDispatcher.php(46): Laravel\\Passport\\Http\\Controllers\\AccessTokenController->issueToken()
#7 /home/470763.cloudwaysapps.com/tudjznbtye/public_html/releases/a77e6f4d01eef97a18ce7ecea393eb6cf2d8a9c3/vendor/laravel/framework/src/Illuminate/Routing/Route.php(260): Illuminate\\Routing\\ControllerDispatcher->dispatch()
#8 /home/470763.cloudwaysapps.com/tudjznbtye/public_html/releases/a77e6f4d01eef97a18ce7ecea393eb6cf2d8a9c3/vendor/laravel/framework/src/Illuminate/Routing/Route.php(205): Illuminate\\Routing\\Route->runController()
#9 /home/470763.cloudwaysapps.com/tudjznbtye/public_html/releases/a77e6f4d01eef97a18ce7ecea393eb6cf2d8a9c3/vendor/laravel/framework/src/Illuminate/Routing/Router.php(799): Illuminate\\Routing\\Route->run()
#10 /home/470763.cloudwaysapps.com/tudjznbtye/public_html/releases/a77e6f4d01eef97a18ce7ecea393eb6cf2d8a9c3/vendor/laravel/framework/src/Illuminate/Pipeline/Pipeline.php(141): Illuminate\\Routing\\Router->Illuminate\\Routing\\{closure}()
#11 /home/470763.cloudwaysapps.com/tudjznbtye/public_html/releases/a77e6f4d01eef97a18ce7ecea393eb6cf2d8a9c3/vendor/laravel/framework/src/Illuminate/Routing/Middleware/ThrottleRequests.php(159): Illuminate\\Pipeline\\Pipeline->Illuminate\\Pipeline\\{closure}()
#12 /home/470763.cloudwaysapps.com/tudjznbtye/public_html/releases/a77e6f4d01eef97a18ce7ecea393eb6cf2d8a9c3/vendor/laravel/framework/src/Illuminate/Routing/Middleware/ThrottleRequests.php(95): Illuminate\\Routing\\Middleware\\ThrottleRequests->handleRequest()
#13 /home/470763.cloudwaysapps.com/tudjznbtye/public_html/releases/a77e6f4d01eef97a18ce7ecea393eb6cf2d8a9c3/vendor/laravel/framework/src/Illuminate/Pipeline/Pipeline.php(180): Illuminate\\Routing\\Middleware\\ThrottleRequests->handle()
#14 /home/470763.cloudwaysapps.com/tudjznbtye/public_html/releases/a77e6f4d01eef97a18ce7ecea393eb6cf2d8a9c3/vendor/laravel/framework/src/Illuminate/Pipeline/Pipeline.php(116): Illuminate\\Pipeline\\Pipeline->Illuminate\\Pipeline\\{closure}()
#15 /home/470763.cloudwaysapps.com/tudjznbtye/public_html/releases/a77e6f4d01eef97a18ce7ecea393eb6cf2d8a9c3/vendor/laravel/framework/src/Illuminate/Routing/Router.php(800): Illuminate\\Pipeline\\Pipeline->then()
#16 /home/470763.cloudwaysapps.com/tudjznbtye/public_html/releases/a77e6f4d01eef97a18ce7ecea393eb6cf2d8a9c3/vendor/laravel/framework/src/Illuminate/Routing/Router.php(777): Illuminate\\Routing\\Router->runRouteWithinStack()
#17 /home/470763.cloudwaysapps.com/tudjznbtye/public_html/releases/a77e6f4d01eef97a18ce7ecea393eb6cf2d8a9c3/vendor/laravel/framework/src/Illuminate/Routing/Router.php(741): Illuminate\\Routing\\Router->runRoute()
#18 /home/470763.cloudwaysapps.com/tudjznbtye/public_html/releases/a77e6f4d01eef97a18ce7ecea393eb6cf2d8a9c3/vendor/laravel/framework/src/Illuminate/Routing/Router.php(730): Illuminate\\Routing\\Router->dispatchToRoute()
#19 /home/470763.cloudwaysapps.com/tudjznbtye/public_html/releases/a77e6f4d01eef97a18ce7ecea393eb6cf2d8a9c3/vendor/laravel/framework/src/Illuminate/Foundation/Http/Kernel.php(200): Illuminate\\Routing\\Router->dispatch()
#20 /home/470763.cloudwaysapps.com/tudjznbtye/public_html/releases/a77e6f4d01eef97a18ce7ecea393eb6cf2d8a9c3/vendor/laravel/framework/src/Illuminate/Pipeline/Pipeline.php(141): Illuminate\\Foundation\\Http\\Kernel->Illuminate\\Foundation\\Http\\{closure}()
#21 /home/470763.cloudwaysapps.com/tudjznbtye/public_html/releases/a77e6f4d01eef97a18ce7ecea393eb6cf2d8a9c3/nova-components/nova-impersonate/src/Http/Middleware/Impersonate.php(24): Illuminate\\Pipeline\\Pipeline->Illuminate\\Pipeline\\{closure}()
#22 /home/470763.cloudwaysapps.com/tudjznbtye/public_html/releases/a77e6f4d01eef97a18ce7ecea393eb6cf2d8a9c3/vendor/laravel/framework/src/Illuminate/Pipeline/Pipeline.php(180): trosthelden\\NovaImpersonate\\Http\\Middleware\\Impersonate->handle()
#23 /home/470763.cloudwaysapps.com/tudjznbtye/public_html/releases/a77e6f4d01eef97a18ce7ecea393eb6cf2d8a9c3/vendor/laravel/nova/src/Http/Middleware/ServeNova.php(23): Illuminate\\Pipeline\\Pipeline->Illuminate\\Pipeline\\{closure}()
#24 /home/470763.cloudwaysapps.com/tudjznbtye/public_html/releases/a77e6f4d01eef97a18ce7ecea393eb6cf2d8a9c3/vendor/laravel/framework/src/Illuminate/Pipeline/Pipeline.php(180): Laravel\\Nova\\Http\\Middleware\\ServeNova->handle()
#25 /home/470763.cloudwaysapps.com/tudjznbtye/public_html/releases/a77e6f4d01eef97a18ce7ecea393eb6cf2d8a9c3/vendor/spatie/laravel-robots-middleware/src/RobotsMiddleware.php(14): Illuminate\\Pipeline\\Pipeline->Illuminate\\Pipeline\\{closure}()
#26 /home/470763.cloudwaysapps.com/tudjznbtye/public_html/releases/a77e6f4d01eef97a18ce7ecea393eb6cf2d8a9c3/vendor/laravel/framework/src/Illuminate/Pipeline/Pipeline.php(180): Spatie\\RobotsMiddleware\\RobotsMiddleware->handle()
#27 /home/470763.cloudwaysapps.com/tudjznbtye/public_html/releases/a77e6f4d01eef97a18ce7ecea393eb6cf2d8a9c3/vendor/laravel/framework/src/Illuminate/Foundation/Http/Middleware/TransformsRequest.php(21): Illuminate\\Pipeline\\Pipeline->Illuminate\\Pipeline\\{closure}()
#28 /home/470763.cloudwaysapps.com/tudjznbtye/public_html/releases/a77e6f4d01eef97a18ce7ecea393eb6cf2d8a9c3/vendor/laravel/framework/src/Illuminate/Foundation/Http/Middleware/ConvertEmptyStringsToNull.php(31): Illuminate\\Foundation\\Http\\Middleware\\TransformsRequest->handle()
#29 /home/470763.cloudwaysapps.com/tudjznbtye/public_html/releases/a77e6f4d01eef97a18ce7ecea393eb6cf2d8a9c3/vendor/laravel/framework/src/Illuminate/Pipeline/Pipeline.php(180): Illuminate\\Foundation\\Http\\Middleware\\ConvertEmptyStringsToNull->handle()
#30 /home/470763.cloudwaysapps.com/tudjznbtye/public_html/releases/a77e6f4d01eef97a18ce7ecea393eb6cf2d8a9c3/vendor/laravel/framework/src/Illuminate/Foundation/Http/Middleware/TransformsRequest.php(21): Illuminate\\Pipeline\\Pipeline->Illuminate\\Pipeline\\{closure}()
#31 /home/470763.cloudwaysapps.com/tudjznbtye/public_html/releases/a77e6f4d01eef97a18ce7ecea393eb6cf2d8a9c3/vendor/laravel/framework/src/Illuminate/Foundation/Http/Middleware/TrimStrings.php(40): Illuminate\\Foundation\\Http\\Middleware\\TransformsRequest->handle()
#32 /home/470763.cloudwaysapps.com/tudjznbtye/public_html/releases/a77e6f4d01eef97a18ce7ecea393eb6cf2d8a9c3/vendor/laravel/framework/src/Illuminate/Pipeline/Pipeline.php(180): Illuminate\\Foundation\\Http\\Middleware\\TrimStrings->handle()
#33 /home/470763.cloudwaysapps.com/tudjznbtye/public_html/releases/a77e6f4d01eef97a18ce7ecea393eb6cf2d8a9c3/vendor/laravel/framework/src/Illuminate/Foundation/Http/Middleware/ValidatePostSize.php(27): Illuminate\\Pipeline\\Pipeline->Illuminate\\Pipeline\\{closure}()
#34 /home/470763.cloudwaysapps.com/tudjznbtye/public_html/releases/a77e6f4d01eef97a18ce7ecea393eb6cf2d8a9c3/vendor/laravel/framework/src/Illuminate/Pipeline/Pipeline.php(180): Illuminate\\Foundation\\Http\\Middleware\\ValidatePostSize->handle()
#35 /home/470763.cloudwaysapps.com/tudjznbtye/public_html/releases/a77e6f4d01eef97a18ce7ecea393eb6cf2d8a9c3/vendor/laravel/framework/src/Illuminate/Foundation/Http/Middleware/PreventRequestsDuringMaintenance.php(99): Illuminate\\Pipeline\\Pipeline->Illuminate\\Pipeline\\{closure}()
#36 /home/470763.cloudwaysapps.com/tudjznbtye/public_html/releases/a77e6f4d01eef97a18ce7ecea393eb6cf2d8a9c3/vendor/laravel/framework/src/Illuminate/Pipeline/Pipeline.php(180): Illuminate\\Foundation\\Http\\Middleware\\PreventRequestsDuringMaintenance->handle()
#37 /home/470763.cloudwaysapps.com/tudjznbtye/public_html/releases/a77e6f4d01eef97a18ce7ecea393eb6cf2d8a9c3/vendor/laravel/framework/src/Illuminate/Http/Middleware/TrustProxies.php(39): Illuminate\\Pipeline\\Pipeline->Illuminate\\Pipeline\\{closure}()
#38 /home/470763.cloudwaysapps.com/tudjznbtye/public_html/releases/a77e6f4d01eef97a18ce7ecea393eb6cf2d8a9c3/vendor/laravel/framework/src/Illuminate/Pipeline/Pipeline.php(180): Illuminate\\Http\\Middleware\\TrustProxies->handle()
#39 /home/470763.cloudwaysapps.com/tudjznbtye/public_html/releases/a77e6f4d01eef97a18ce7ecea393eb6cf2d8a9c3/app/Http/Middleware/MapAuthCookieToHeader.php(38): Illuminate\\Pipeline\\Pipeline->Illuminate\\Pipeline\\{closure}()
#40 /home/470763.cloudwaysapps.com/tudjznbtye/public_html/releases/a77e6f4d01eef97a18ce7ecea393eb6cf2d8a9c3/vendor/laravel/framework/src/Illuminate/Pipeline/Pipeline.php(180): App\\Http\\Middleware\\MapAuthCookieToHeader->handle()
#41 /home/470763.cloudwaysapps.com/tudjznbtye/public_html/releases/a77e6f4d01eef97a18ce7ecea393eb6cf2d8a9c3/vendor/laravel/framework/src/Illuminate/Http/Middleware/HandleCors.php(62): Illuminate\\Pipeline\\Pipeline->Illuminate\\Pipeline\\{closure}()
#42 /home/470763.cloudwaysapps.com/tudjznbtye/public_html/releases/a77e6f4d01eef97a18ce7ecea393eb6cf2d8a9c3/vendor/laravel/framework/src/Illuminate/Pipeline/Pipeline.php(180): Illuminate\\Http\\Middleware\\HandleCors->handle()
#43 /home/470763.cloudwaysapps.com/tudjznbtye/public_html/releases/a77e6f4d01eef97a18ce7ecea393eb6cf2d8a9c3/vendor/laravel/framework/src/Illuminate/Pipeline/Pipeline.php(116): Illuminate\\Pipeline\\Pipeline->Illuminate\\Pipeline\\{closure}()
#44 /home/470763.cloudwaysapps.com/tudjznbtye/public_html/releases/a77e6f4d01eef97a18ce7ecea393eb6cf2d8a9c3/vendor/laravel/framework/src/Illuminate/Foundation/Http/Kernel.php(175): Illuminate\\Pipeline\\Pipeline->then()
#45 /home/470763.cloudwaysapps.com/tudjznbtye/public_html/releases/a77e6f4d01eef97a18ce7ecea393eb6cf2d8a9c3/vendor/laravel/framework/src/Illuminate/Foundation/Http/Kernel.php(144): Illuminate\\Foundation\\Http\\Kernel->sendRequestThroughRouter()
#46 /home/470763.cloudwaysapps.com/tudjznbtye/public_html/releases/a77e6f4d01eef97a18ce7ecea393eb6cf2d8a9c3/vendor/laravel/framework/src/Illuminate/Foundation/Application.php(1084): Illuminate\\Foundation\\Http\\Kernel->handle()
#47 /home/470763.cloudwaysapps.com/tudjznbtye/public_html/releases/a77e6f4d01eef97a18ce7ecea393eb6cf2d8a9c3/app/Http/Controllers/Auth/AccessTokensController.php(212): Illuminate\\Foundation\\Application->handle()
#48 /home/470763.cloudwaysapps.com/tudjznbtye/public_html/releases/a77e6f4d01eef97a18ce7ecea393eb6cf2d8a9c3/app/Http/Controllers/Auth/AccessTokensController.php(90): App\\Http\\Controllers\\Auth\\AccessTokensController->requestPasswordGrant()
#49 /home/470763.cloudwaysapps.com/tudjznbtye/public_html/releases/a77e6f4d01eef97a18ce7ecea393eb6cf2d8a9c3/vendor/laravel/framework/src/Illuminate/Routing/Controller.php(54): App\\Http\\Controllers\\Auth\\AccessTokensController->store()
#50 /home/470763.cloudwaysapps.com/tudjznbtye/public_html/releases/a77e6f4d01eef97a18ce7ecea393eb6cf2d8a9c3/vendor/laravel/framework/src/Illuminate/Routing/ControllerDispatcher.php(43): Illuminate\\Routing\\Controller->callAction()
#51 /home/470763.cloudwaysapps.com/tudjznbtye/public_html/releases/a77e6f4d01eef97a18ce7ecea393eb6cf2d8a9c3/vendor/laravel/framework/src/Illuminate/Routing/Route.php(260): Illuminate\\Routing\\ControllerDispatcher->dispatch()
#52 /home/470763.cloudwaysapps.com/tudjznbtye/public_html/releases/a77e6f4d01eef97a18ce7ecea393eb6cf2d8a9c3/vendor/laravel/framework/src/Illuminate/Routing/Route.php(205): Illuminate\\Routing\\Route->runController()
#53 /home/470763.cloudwaysapps.com/tudjznbtye/public_html/releases/a77e6f4d01eef97a18ce7ecea393eb6cf2d8a9c3/vendor/laravel/framework/src/Illuminate/Routing/Router.php(799): Illuminate\\Routing\\Route->run()
#54 /home/470763.cloudwaysapps.com/tudjznbtye/public_html/releases/a77e6f4d01eef97a18ce7ecea393eb6cf2d8a9c3/vendor/laravel/framework/src/Illuminate/Pipeline/Pipeline.php(141): Illuminate\\Routing\\Router->Illuminate\\Routing\\{closure}()
#55 /home/470763.cloudwaysapps.com/tudjznbtye/public_html/releases/a77e6f4d01eef97a18ce7ecea393eb6cf2d8a9c3/vendor/laravel/framework/src/Illuminate/Routing/Middleware/SubstituteBindings.php(50): Illuminate\\Pipeline\\Pipeline->Illuminate\\Pipeline\\{closure}()
#56 /home/470763.cloudwaysapps.com/tudjznbtye/public_html/releases/a77e6f4d01eef97a18ce7ecea393eb6cf2d8a9c3/vendor/laravel/framework/src/Illuminate/Pipeline/Pipeline.php(180): Illuminate\\Routing\\Middleware\\SubstituteBindings->handle()
#57 /home/470763.cloudwaysapps.com/tudjznbtye/public_html/releases/a77e6f4d01eef97a18ce7ecea393eb6cf2d8a9c3/vendor/laravel/framework/src/Illuminate/Routing/Middleware/ThrottleRequests.php(159): Illuminate\\Pipeline\\Pipeline->Illuminate\\Pipeline\\{closure}()
#58 /home/470763.cloudwaysapps.com/tudjznbtye/public_html/releases/a77e6f4d01eef97a18ce7ecea393eb6cf2d8a9c3/vendor/laravel/framework/src/Illuminate/Routing/Middleware/ThrottleRequests.php(95): Illuminate\\Routing\\Middleware\\ThrottleRequests->handleRequest()
#59 /home/470763.cloudwaysapps.com/tudjznbtye/public_html/releases/a77e6f4d01eef97a18ce7ecea393eb6cf2d8a9c3/vendor/laravel/framework/src/Illuminate/Pipeline/Pipeline.php(180): Illuminate\\Routing\\Middleware\\ThrottleRequests->handle()
#60 /home/470763.cloudwaysapps.com/tudjznbtye/public_html/releases/a77e6f4d01eef97a18ce7ecea393eb6cf2d8a9c3/vendor/laravel/framework/src/Illuminate/Pipeline/Pipeline.php(116): Illuminate\\Pipeline\\Pipeline->Illuminate\\Pipeline\\{closure}()
#61 /home/470763.cloudwaysapps.com/tudjznbtye/public_html/releases/a77e6f4d01eef97a18ce7ecea393eb6cf2d8a9c3/vendor/laravel/framework/src/Illuminate/Routing/Router.php(800): Illuminate\\Pipeline\\Pipeline->then()
#62 /home/470763.cloudwaysapps.com/tudjznbtye/public_html/releases/a77e6f4d01eef97a18ce7ecea393eb6cf2d8a9c3/vendor/laravel/framework/src/Illuminate/Routing/Router.php(777): Illuminate\\Routing\\Router->runRouteWithinStack()
#63 /home/470763.cloudwaysapps.com/tudjznbtye/public_html/releases/a77e6f4d01eef97a18ce7ecea393eb6cf2d8a9c3/vendor/laravel/framework/src/Illuminate/Routing/Router.php(741): Illuminate\\Routing\\Router->runRoute()
#64 /home/470763.cloudwaysapps.com/tudjznbtye/public_html/releases/a77e6f4d01eef97a18ce7ecea393eb6cf2d8a9c3/vendor/laravel/framework/src/Illuminate/Routing/Router.php(730): Illuminate\\Routing\\Router->dispatchToRoute()
#65 /home/470763.cloudwaysapps.com/tudjznbtye/public_html/releases/a77e6f4d01eef97a18ce7ecea393eb6cf2d8a9c3/vendor/laravel/framework/src/Illuminate/Foundation/Http/Kernel.php(200): Illuminate\\Routing\\Router->dispatch()
#66 /home/470763.cloudwaysapps.com/tudjznbtye/public_html/releases/a77e6f4d01eef97a18ce7ecea393eb6cf2d8a9c3/vendor/laravel/framework/src/Illuminate/Pipeline/Pipeline.php(141): Illuminate\\Foundation\\Http\\Kernel->Illuminate\\Foundation\\Http\\{closure}()
#67 /home/470763.cloudwaysapps.com/tudjznbtye/public_html/releases/a77e6f4d01eef97a18ce7ecea393eb6cf2d8a9c3/nova-components/nova-impersonate/src/Http/Middleware/Impersonate.php(24): Illuminate\\Pipeline\\Pipeline->Illuminate\\Pipeline\\{closure}()
#68 /home/470763.cloudwaysapps.com/tudjznbtye/public_html/releases/a77e6f4d01eef97a18ce7ecea393eb6cf2d8a9c3/vendor/laravel/framework/src/Illuminate/Pipeline/Pipeline.php(180): trosthelden\\NovaImpersonate\\Http\\Middleware\\Impersonate->handle()
#69 /home/470763.cloudwaysapps.com/tudjznbtye/public_html/releases/a77e6f4d01eef97a18ce7ecea393eb6cf2d8a9c3/vendor/laravel/nova/src/Http/Middleware/ServeNova.php(23): Illuminate\\Pipeline\\Pipeline->Illuminate\\Pipeline\\{closure}()
#70 /home/470763.cloudwaysapps.com/tudjznbtye/public_html/releases/a77e6f4d01eef97a18ce7ecea393eb6cf2d8a9c3/vendor/laravel/framework/src/Illuminate/Pipeline/Pipeline.php(180): Laravel\\Nova\\Http\\Middleware\\ServeNova->handle()
#71 /home/470763.cloudwaysapps.com/tudjznbtye/public_html/releases/a77e6f4d01eef97a18ce7ecea393eb6cf2d8a9c3/vendor/spatie/laravel-robots-middleware/src/RobotsMiddleware.php(14): Illuminate\\Pipeline\\Pipeline->Illuminate\\Pipeline\\{closure}()
#72 /home/470763.cloudwaysapps.com/tudjznbtye/public_html/releases/a77e6f4d01eef97a18ce7ecea393eb6cf2d8a9c3/vendor/laravel/framework/src/Illuminate/Pipeline/Pipeline.php(180): Spatie\\RobotsMiddleware\\RobotsMiddleware->handle()
#73 /home/470763.cloudwaysapps.com/tudjznbtye/public_html/releases/a77e6f4d01eef97a18ce7ecea393eb6cf2d8a9c3/vendor/laravel/framework/src/Illuminate/Foundation/Http/Middleware/TransformsRequest.php(21): Illuminate\\Pipeline\\Pipeline->Illuminate\\Pipeline\\{closure}()
#74 /home/470763.cloudwaysapps.com/tudjznbtye/public_html/releases/a77e6f4d01eef97a18ce7ecea393eb6cf2d8a9c3/vendor/laravel/framework/src/Illuminate/Foundation/Http/Middleware/ConvertEmptyStringsToNull.php(31): Illuminate\\Foundation\\Http\\Middleware\\TransformsRequest->handle()
#75 /home/470763.cloudwaysapps.com/tudjznbtye/public_html/releases/a77e6f4d01eef97a18ce7ecea393eb6cf2d8a9c3/vendor/laravel/framework/src/Illuminate/Pipeline/Pipeline.php(180): Illuminate\\Foundation\\Http\\Middleware\\ConvertEmptyStringsToNull->handle()
#76 /home/470763.cloudwaysapps.com/tudjznbtye/public_html/releases/a77e6f4d01eef97a18ce7ecea393eb6cf2d8a9c3/vendor/laravel/framework/src/Illuminate/Foundation/Http/Middleware/TransformsRequest.php(21): Illuminate\\Pipeline\\Pipeline->Illuminate\\Pipeline\\{closure}()
#77 /home/470763.cloudwaysapps.com/tudjznbtye/public_html/releases/a77e6f4d01eef97a18ce7ecea393eb6cf2d8a9c3/vendor/laravel/framework/src/Illuminate/Foundation/Http/Middleware/TrimStrings.php(40): Illuminate\\Foundation\\Http\\Middleware\\TransformsRequest->handle()
#78 /home/470763.cloudwaysapps.com/tudjznbtye/public_html/releases/a77e6f4d01eef97a18ce7ecea393eb6cf2d8a9c3/vendor/laravel/framework/src/Illuminate/Pipeline/Pipeline.php(180): Illuminate\\Foundation\\Http\\Middleware\\TrimStrings->handle()
#79 /home/470763.cloudwaysapps.com/tudjznbtye/public_html/releases/a77e6f4d01eef97a18ce7ecea393eb6cf2d8a9c3/vendor/laravel/framework/src/Illuminate/Foundation/Http/Middleware/ValidatePostSize.php(27): Illuminate\\Pipeline\\Pipeline->Illuminate\\Pipeline\\{closure}()
#80 /home/470763.cloudwaysapps.com/tudjznbtye/public_html/releases/a77e6f4d01eef97a18ce7ecea393eb6cf2d8a9c3/vendor/laravel/framework/src/Illuminate/Pipeline/Pipeline.php(180): Illuminate\\Foundation\\Http\\Middleware\\ValidatePostSize->handle()
#81 /home/470763.cloudwaysapps.com/tudjznbtye/public_html/releases/a77e6f4d01eef97a18ce7ecea393eb6cf2d8a9c3/vendor/laravel/framework/src/Illuminate/Foundation/Http/Middleware/PreventRequestsDuringMaintenance.php(99): Illuminate\\Pipeline\\Pipeline->Illuminate\\Pipeline\\{closure}()
#82 /home/470763.cloudwaysapps.com/tudjznbtye/public_html/releases/a77e6f4d01eef97a18ce7ecea393eb6cf2d8a9c3/vendor/laravel/framework/src/Illuminate/Pipeline/Pipeline.php(180): Illuminate\\Foundation\\Http\\Middleware\\PreventRequestsDuringMaintenance->handle()
#83 /home/470763.cloudwaysapps.com/tudjznbtye/public_html/releases/a77e6f4d01eef97a18ce7ecea393eb6cf2d8a9c3/vendor/laravel/framework/src/Illuminate/Http/Middleware/TrustProxies.php(39): Illuminate\\Pipeline\\Pipeline->Illuminate\\Pipeline\\{closure}()
#84 /home/470763.cloudwaysapps.com/tudjznbtye/public_html/releases/a77e6f4d01eef97a18ce7ecea393eb6cf2d8a9c3/vendor/laravel/framework/src/Illuminate/Pipeline/Pipeline.php(180): Illuminate\\Http\\Middleware\\TrustProxies->handle()
#85 /home/470763.cloudwaysapps.com/tudjznbtye/public_html/releases/a77e6f4d01eef97a18ce7ecea393eb6cf2d8a9c3/app/Http/Middleware/MapAuthCookieToHeader.php(38): Illuminate\\Pipeline\\Pipeline->Illuminate\\Pipeline\\{closure}()
#86 /home/470763.cloudwaysapps.com/tudjznbtye/public_html/releases/a77e6f4d01eef97a18ce7ecea393eb6cf2d8a9c3/vendor/laravel/framework/src/Illuminate/Pipeline/Pipeline.php(180): App\\Http\\Middleware\\MapAuthCookieToHeader->handle()
#87 /home/470763.cloudwaysapps.com/tudjznbtye/public_html/releases/a77e6f4d01eef97a18ce7ecea393eb6cf2d8a9c3/vendor/laravel/framework/src/Illuminate/Http/Middleware/HandleCors.php(62): Illuminate\\Pipeline\\Pipeline->Illuminate\\Pipeline\\{closure}()
#88 /home/470763.cloudwaysapps.com/tudjznbtye/public_html/releases/a77e6f4d01eef97a18ce7ecea393eb6cf2d8a9c3/vendor/laravel/framework/src/Illuminate/Pipeline/Pipeline.php(180): Illuminate\\Http\\Middleware\\HandleCors->handle()
#89 /home/470763.cloudwaysapps.com/tudjznbtye/public_html/releases/a77e6f4d01eef97a18ce7ecea393eb6cf2d8a9c3/vendor/laravel/framework/src/Illuminate/Pipeline/Pipeline.php(116): Illuminate\\Pipeline\\Pipeline->Illuminate\\Pipeline\\{closure}()
#90 /home/470763.cloudwaysapps.com/tudjznbtye/public_html/releases/a77e6f4d01eef97a18ce7ecea393eb6cf2d8a9c3/vendor/laravel/framework/src/Illuminate/Foundation/Http/Kernel.php(175): Illuminate\\Pipeline\\Pipeline->then()
#91 /home/470763.cloudwaysapps.com/tudjznbtye/public_html/releases/a77e6f4d01eef97a18ce7ecea393eb6cf2d8a9c3/vendor/laravel/framework/src/Illuminate/Foundation/Http/Kernel.php(144): Illuminate\\Foundation\\Http\\Kernel->sendRequestThroughRouter()
#92 /home/470763.cloudwaysapps.com/tudjznbtye/public_html/releases/a77e6f4d01eef97a18ce7ecea393eb6cf2d8a9c3/public/index.php(55): Illuminate\\Foundation\\Http\\Kernel->handle()
#93 {main}
"} 
[2023-11-28 17:36:41] production.ERROR: The user credentials were incorrect. {"exception":"[object] (Laravel\\Passport\\Exceptions\\OAuthServerException(code: 6): The user credentials were incorrect. at /home/470763.cloudwaysapps.com/tudjznbtye/public_html/releases/a77e6f4d01eef97a18ce7ecea393eb6cf2d8a9c3/vendor/laravel/passport/src/Http/Controllers/HandlesOAuthErrors.php:26)
[stacktrace]
#0 /home/470763.cloudwaysapps.com/tudjznbtye/public_html/releases/a77e6f4d01eef97a18ce7ecea393eb6cf2d8a9c3/vendor/laravel/passport/src/Http/Controllers/AccessTokenController.php(54): Laravel\\Passport\\Http\\Controllers\\AccessTokenController->withErrorHandling()
#1 /home/470763.cloudwaysapps.com/tudjznbtye/public_html/releases/a77e6f4d01eef97a18ce7ecea393eb6cf2d8a9c3/vendor/laravel/framework/src/Illuminate/Routing/ControllerDispatcher.php(46): Laravel\\Passport\\Http\\Controllers\\AccessTokenController->issueToken()
#2 /home/470763.cloudwaysapps.com/tudjznbtye/public_html/releases/a77e6f4d01eef97a18ce7ecea393eb6cf2d8a9c3/vendor/laravel/framework/src/Illuminate/Routing/Route.php(260): Illuminate\\Routing\\ControllerDispatcher->dispatch()
#3 /home/470763.cloudwaysapps.com/tudjznbtye/public_html/releases/a77e6f4d01eef97a18ce7ecea393eb6cf2d8a9c3/vendor/laravel/framework/src/Illuminate/Routing/Route.php(205): Illuminate\\Routing\\Route->runController()
#4 /home/470763.cloudwaysapps.com/tudjznbtye/public_html/releases/a77e6f4d01eef97a18ce7ecea393eb6cf2d8a9c3/vendor/laravel/framework/src/Illuminate/Routing/Router.php(799): Illuminate\\Routing\\Route->run()
#5 /home/470763.cloudwaysapps.com/tudjznbtye/public_html/releases/a77e6f4d01eef97a18ce7ecea393eb6cf2d8a9c3/vendor/laravel/framework/src/Illuminate/Pipeline/Pipeline.php(141): Illuminate\\Routing\\Router->Illuminate\\Routing\\{closure}()
#6 /home/470763.cloudwaysapps.com/tudjznbtye/public_html/releases/a77e6f4d01eef97a18ce7ecea393eb6cf2d8a9c3/vendor/laravel/framework/src/Illuminate/Routing/Middleware/ThrottleRequests.php(159): Illuminate\\Pipeline\\Pipeline->Illuminate\\Pipeline\\{closure}()
#7 /home/470763.cloudwaysapps.com/tudjznbtye/public_html/releases/a77e6f4d01eef97a18ce7ecea393eb6cf2d8a9c3/vendor/laravel/framework/src/Illuminate/Routing/Middleware/ThrottleRequests.php(95): Illuminate\\Routing\\Middleware\\ThrottleRequests->handleRequest()
#8 /home/470763.cloudwaysapps.com/tudjznbtye/public_html/releases/a77e6f4d01eef97a18ce7ecea393eb6cf2d8a9c3/vendor/laravel/framework/src/Illuminate/Pipeline/Pipeline.php(180): Illuminate\\Routing\\Middleware\\ThrottleRequests->handle()
#9 /home/470763.cloudwaysapps.com/tudjznbtye/public_html/releases/a77e6f4d01eef97a18ce7ecea393eb6cf2d8a9c3/vendor/laravel/framework/src/Illuminate/Pipeline/Pipeline.php(116): Illuminate\\Pipeline\\Pipeline->Illuminate\\Pipeline\\{closure}()
#10 /home/470763.cloudwaysapps.com/tudjznbtye/public_html/releases/a77e6f4d01eef97a18ce7ecea393eb6cf2d8a9c3/vendor/laravel/framework/src/Illuminate/Routing/Router.php(800): Illuminate\\Pipeline\\Pipeline->then()
#11 /home/470763.cloudwaysapps.com/tudjznbtye/public_html/releases/a77e6f4d01eef97a18ce7ecea393eb6cf2d8a9c3/vendor/laravel/framework/src/Illuminate/Routing/Router.php(777): Illuminate\\Routing\\Router->runRouteWithinStack()
#12 /home/470763.cloudwaysapps.com/tudjznbtye/public_html/releases/a77e6f4d01eef97a18ce7ecea393eb6cf2d8a9c3/vendor/laravel/framework/src/Illuminate/Routing/Router.php(741): Illuminate\\Routing\\Router->runRoute()
#13 /home/470763.cloudwaysapps.com/tudjznbtye/public_html/releases/a77e6f4d01eef97a18ce7ecea393eb6cf2d8a9c3/vendor/laravel/framework/src/Illuminate/Routing/Router.php(730): Illuminate\\Routing\\Router->dispatchToRoute()
#14 /home/470763.cloudwaysapps.com/tudjznbtye/public_html/releases/a77e6f4d01eef97a18ce7ecea393eb6cf2d8a9c3/vendor/laravel/framework/src/Illuminate/Foundation/Http/Kernel.php(200): Illuminate\\Routing\\Router->dispatch()
#15 /home/470763.cloudwaysapps.com/tudjznbtye/public_html/releases/a77e6f4d01eef97a18ce7ecea393eb6cf2d8a9c3/vendor/laravel/framework/src/Illuminate/Pipeline/Pipeline.php(141): Illuminate\\Foundation\\Http\\Kernel->Illuminate\\Foundation\\Http\\{closure}()
#16 /home/470763.cloudwaysapps.com/tudjznbtye/public_html/releases/a77e6f4d01eef97a18ce7ecea393eb6cf2d8a9c3/nova-components/nova-impersonate/src/Http/Middleware/Impersonate.php(24): Illuminate\\Pipeline\\Pipeline->Illuminate\\Pipeline\\{closure}()
#17 /home/470763.cloudwaysapps.com/tudjznbtye/public_html/releases/a77e6f4d01eef97a18ce7ecea393eb6cf2d8a9c3/vendor/laravel/framework/src/Illuminate/Pipeline/Pipeline.php(180): trosthelden\\NovaImpersonate\\Http\\Middleware\\Impersonate->handle()
#18 /home/470763.cloudwaysapps.com/tudjznbtye/public_html/releases/a77e6f4d01eef97a18ce7ecea393eb6cf2d8a9c3/vendor/laravel/nova/src/Http/Middleware/ServeNova.php(23): Illuminate\\Pipeline\\Pipeline->Illuminate\\Pipeline\\{closure}()
#19 /home/470763.cloudwaysapps.com/tudjznbtye/public_html/releases/a77e6f4d01eef97a18ce7ecea393eb6cf2d8a9c3/vendor/laravel/framework/src/Illuminate/Pipeline/Pipeline.php(180): Laravel\\Nova\\Http\\Middleware\\ServeNova->handle()
#20 /home/470763.cloudwaysapps.com/tudjznbtye/public_html/releases/a77e6f4d01eef97a18ce7ecea393eb6cf2d8a9c3/vendor/spatie/laravel-robots-middleware/src/RobotsMiddleware.php(14): Illuminate\\Pipeline\\Pipeline->Illuminate\\Pipeline\\{closure}()
#21 /home/470763.cloudwaysapps.com/tudjznbtye/public_html/releases/a77e6f4d01eef97a18ce7ecea393eb6cf2d8a9c3/vendor/laravel/framework/src/Illuminate/Pipeline/Pipeline.php(180): Spatie\\RobotsMiddleware\\RobotsMiddleware->handle()
#22 /home/470763.cloudwaysapps.com/tudjznbtye/public_html/releases/a77e6f4d01eef97a18ce7ecea393eb6cf2d8a9c3/vendor/laravel/framework/src/Illuminate/Foundation/Http/Middleware/TransformsRequest.php(21): Illuminate\\Pipeline\\Pipeline->Illuminate\\Pipeline\\{closure}()
#23 /home/470763.cloudwaysapps.com/tudjznbtye/public_html/releases/a77e6f4d01eef97a18ce7ecea393eb6cf2d8a9c3/vendor/laravel/framework/src/Illuminate/Foundation/Http/Middleware/ConvertEmptyStringsToNull.php(31): Illuminate\\Foundation\\Http\\Middleware\\TransformsRequest->handle()
#24 /home/470763.cloudwaysapps.com/tudjznbtye/public_html/releases/a77e6f4d01eef97a18ce7ecea393eb6cf2d8a9c3/vendor/laravel/framework/src/Illuminate/Pipeline/Pipeline.php(180): Illuminate\\Foundation\\Http\\Middleware\\ConvertEmptyStringsToNull->handle()
#25 /home/470763.cloudwaysapps.com/tudjznbtye/public_html/releases/a77e6f4d01eef97a18ce7ecea393eb6cf2d8a9c3/vendor/laravel/framework/src/Illuminate/Foundation/Http/Middleware/TransformsRequest.php(21): Illuminate\\Pipeline\\Pipeline->Illuminate\\Pipeline\\{closure}()
#26 /home/470763.cloudwaysapps.com/tudjznbtye/public_html/releases/a77e6f4d01eef97a18ce7ecea393eb6cf2d8a9c3/vendor/laravel/framework/src/Illuminate/Foundation/Http/Middleware/TrimStrings.php(40): Illuminate\\Foundation\\Http\\Middleware\\TransformsRequest->handle()
#27 /home/470763.cloudwaysapps.com/tudjznbtye/public_html/releases/a77e6f4d01eef97a18ce7ecea393eb6cf2d8a9c3/vendor/laravel/framework/src/Illuminate/Pipeline/Pipeline.php(180): Illuminate\\Foundation\\Http\\Middleware\\TrimStrings->handle()
#28 /home/470763.cloudwaysapps.com/tudjznbtye/public_html/releases/a77e6f4d01eef97a18ce7ecea393eb6cf2d8a9c3/vendor/laravel/framework/src/Illuminate/Foundation/Http/Middleware/ValidatePostSize.php(27): Illuminate\\Pipeline\\Pipeline->Illuminate\\Pipeline\\{closure}()
#29 /home/470763.cloudwaysapps.com/tudjznbtye/public_html/releases/a77e6f4d01eef97a18ce7ecea393eb6cf2d8a9c3/vendor/laravel/framework/src/Illuminate/Pipeline/Pipeline.php(180): Illuminate\\Foundation\\Http\\Middleware\\ValidatePostSize->handle()
#30 /home/470763.cloudwaysapps.com/tudjznbtye/public_html/releases/a77e6f4d01eef97a18ce7ecea393eb6cf2d8a9c3/vendor/laravel/framework/src/Illuminate/Foundation/Http/Middleware/PreventRequestsDuringMaintenance.php(99): Illuminate\\Pipeline\\Pipeline->Illuminate\\Pipeline\\{closure}()
#31 /home/470763.cloudwaysapps.com/tudjznbtye/public_html/releases/a77e6f4d01eef97a18ce7ecea393eb6cf2d8a9c3/vendor/laravel/framework/src/Illuminate/Pipeline/Pipeline.php(180): Illuminate\\Foundation\\Http\\Middleware\\PreventRequestsDuringMaintenance->handle()
#32 /home/470763.cloudwaysapps.com/tudjznbtye/public_html/releases/a77e6f4d01eef97a18ce7ecea393eb6cf2d8a9c3/vendor/laravel/framework/src/Illuminate/Http/Middleware/TrustProxies.php(39): Illuminate\\Pipeline\\Pipeline->Illuminate\\Pipeline\\{closure}()
#33 /home/470763.cloudwaysapps.com/tudjznbtye/public_html/releases/a77e6f4d01eef97a18ce7ecea393eb6cf2d8a9c3/vendor/laravel/framework/src/Illuminate/Pipeline/Pipeline.php(180): Illuminate\\Http\\Middleware\\TrustProxies->handle()
#34 /home/470763.cloudwaysapps.com/tudjznbtye/public_html/releases/a77e6f4d01eef97a18ce7ecea393eb6cf2d8a9c3/app/Http/Middleware/MapAuthCookieToHeader.php(38): Illuminate\\Pipeline\\Pipeline->Illuminate\\Pipeline\\{closure}()
#35 /home/470763.cloudwaysapps.com/tudjznbtye/public_html/releases/a77e6f4d01eef97a18ce7ecea393eb6cf2d8a9c3/vendor/laravel/framework/src/Illuminate/Pipeline/Pipeline.php(180): App\\Http\\Middleware\\MapAuthCookieToHeader->handle()
#36 /home/470763.cloudwaysapps.com/tudjznbtye/public_html/releases/a77e6f4d01eef97a18ce7ecea393eb6cf2d8a9c3/vendor/laravel/framework/src/Illuminate/Http/Middleware/HandleCors.php(62): Illuminate\\Pipeline\\Pipeline->Illuminate\\Pipeline\\{closure}()
#37 /home/470763.cloudwaysapps.com/tudjznbtye/public_html/releases/a77e6f4d01eef97a18ce7ecea393eb6cf2d8a9c3/vendor/laravel/framework/src/Illuminate/Pipeline/Pipeline.php(180): Illuminate\\Http\\Middleware\\HandleCors->handle()
#38 /home/470763.cloudwaysapps.com/tudjznbtye/public_html/releases/a77e6f4d01eef97a18ce7ecea393eb6cf2d8a9c3/vendor/laravel/framework/src/Illuminate/Pipeline/Pipeline.php(116): Illuminate\\Pipeline\\Pipeline->Illuminate\\Pipeline\\{closure}()
#39 /home/470763.cloudwaysapps.com/tudjznbtye/public_html/releases/a77e6f4d01eef97a18ce7ecea393eb6cf2d8a9c3/vendor/laravel/framework/src/Illuminate/Foundation/Http/Kernel.php(175): Illuminate\\Pipeline\\Pipeline->then()
#40 /home/470763.cloudwaysapps.com/tudjznbtye/public_html/releases/a77e6f4d01eef97a18ce7ecea393eb6cf2d8a9c3/vendor/laravel/framework/src/Illuminate/Foundation/Http/Kernel.php(144): Illuminate\\Foundation\\Http\\Kernel->sendRequestThroughRouter()
#41 /home/470763.cloudwaysapps.com/tudjznbtye/public_html/releases/a77e6f4d01eef97a18ce7ecea393eb6cf2d8a9c3/vendor/laravel/framework/src/Illuminate/Foundation/Application.php(1084): Illuminate\\Foundation\\Http\\Kernel->handle()
#42 /home/470763.cloudwaysapps.com/tudjznbtye/public_html/releases/a77e6f4d01eef97a18ce7ecea393eb6cf2d8a9c3/app/Http/Controllers/Auth/AccessTokensController.php(212): Illuminate\\Foundation\\Application->handle()
#43 /home/470763.cloudwaysapps.com/tudjznbtye/public_html/releases/a77e6f4d01eef97a18ce7ecea393eb6cf2d8a9c3/app/Http/Controllers/Auth/AccessTokensController.php(90): App\\Http\\Controllers\\Auth\\AccessTokensController->requestPasswordGrant()
#44 /home/470763.cloudwaysapps.com/tudjznbtye/public_html/releases/a77e6f4d01eef97a18ce7ecea393eb6cf2d8a9c3/vendor/laravel/framework/src/Illuminate/Routing/Controller.php(54): App\\Http\\Controllers\\Auth\\AccessTokensController->store()
#45 /home/470763.cloudwaysapps.com/tudjznbtye/public_html/releases/a77e6f4d01eef97a18ce7ecea393eb6cf2d8a9c3/vendor/laravel/framework/src/Illuminate/Routing/ControllerDispatcher.php(43): Illuminate\\Routing\\Controller->callAction()
#46 /home/470763.cloudwaysapps.com/tudjznbtye/public_html/releases/a77e6f4d01eef97a18ce7ecea393eb6cf2d8a9c3/vendor/laravel/framework/src/Illuminate/Routing/Route.php(260): Illuminate\\Routing\\ControllerDispatcher->dispatch()
#47 /home/470763.cloudwaysapps.com/tudjznbtye/public_html/releases/a77e6f4d01eef97a18ce7ecea393eb6cf2d8a9c3/vendor/laravel/framework/src/Illuminate/Routing/Route.php(205): Illuminate\\Routing\\Route->runController()
#48 /home/470763.cloudwaysapps.com/tudjznbtye/public_html/releases/a77e6f4d01eef97a18ce7ecea393eb6cf2d8a9c3/vendor/laravel/framework/src/Illuminate/Routing/Router.php(799): Illuminate\\Routing\\Route->run()
#49 /home/470763.cloudwaysapps.com/tudjznbtye/public_html/releases/a77e6f4d01eef97a18ce7ecea393eb6cf2d8a9c3/vendor/laravel/framework/src/Illuminate/Pipeline/Pipeline.php(141): Illuminate\\Routing\\Router->Illuminate\\Routing\\{closure}()
#50 /home/470763.cloudwaysapps.com/tudjznbtye/public_html/releases/a77e6f4d01eef97a18ce7ecea393eb6cf2d8a9c3/vendor/laravel/framework/src/Illuminate/Routing/Middleware/SubstituteBindings.php(50): Illuminate\\Pipeline\\Pipeline->Illuminate\\Pipeline\\{closure}()
#51 /home/470763.cloudwaysapps.com/tudjznbtye/public_html/releases/a77e6f4d01eef97a18ce7ecea393eb6cf2d8a9c3/vendor/laravel/framework/src/Illuminate/Pipeline/Pipeline.php(180): Illuminate\\Routing\\Middleware\\SubstituteBindings->handle()
#52 /home/470763.cloudwaysapps.com/tudjznbtye/public_html/releases/a77e6f4d01eef97a18ce7ecea393eb6cf2d8a9c3/vendor/laravel/framework/src/Illuminate/Routing/Middleware/ThrottleRequests.php(159): Illuminate\\Pipeline\\Pipeline->Illuminate\\Pipeline\\{closure}()
#53 /home/470763.cloudwaysapps.com/tudjznbtye/public_html/releases/a77e6f4d01eef97a18ce7ecea393eb6cf2d8a9c3/vendor/laravel/framework/src/Illuminate/Routing/Middleware/ThrottleRequests.php(95): Illuminate\\Routing\\Middleware\\ThrottleRequests->handleRequest()
#54 /home/470763.cloudwaysapps.com/tudjznbtye/public_html/releases/a77e6f4d01eef97a18ce7ecea393eb6cf2d8a9c3/vendor/laravel/framework/src/Illuminate/Pipeline/Pipeline.php(180): Illuminate\\Routing\\Middleware\\ThrottleRequests->handle()
#55 /home/470763.cloudwaysapps.com/tudjznbtye/public_html/releases/a77e6f4d01eef97a18ce7ecea393eb6cf2d8a9c3/vendor/laravel/framework/src/Illuminate/Pipeline/Pipeline.php(116): Illuminate\\Pipeline\\Pipeline->Illuminate\\Pipeline\\{closure}()
#56 /home/470763.cloudwaysapps.com/tudjznbtye/public_html/releases/a77e6f4d01eef97a18ce7ecea393eb6cf2d8a9c3/vendor/laravel/framework/src/Illuminate/Routing/Router.php(800): Illuminate\\Pipeline\\Pipeline->then()
#57 /home/470763.cloudwaysapps.com/tudjznbtye/public_html/releases/a77e6f4d01eef97a18ce7ecea393eb6cf2d8a9c3/vendor/laravel/framework/src/Illuminate/Routing/Router.php(777): Illuminate\\Routing\\Router->runRouteWithinStack()
#58 /home/470763.cloudwaysapps.com/tudjznbtye/public_html/releases/a77e6f4d01eef97a18ce7ecea393eb6cf2d8a9c3/vendor/laravel/framework/src/Illuminate/Routing/Router.php(741): Illuminate\\Routing\\Router->runRoute()
#59 /home/470763.cloudwaysapps.com/tudjznbtye/public_html/releases/a77e6f4d01eef97a18ce7ecea393eb6cf2d8a9c3/vendor/laravel/framework/src/Illuminate/Routing/Router.php(730): Illuminate\\Routing\\Router->dispatchToRoute()
#60 /home/470763.cloudwaysapps.com/tudjznbtye/public_html/releases/a77e6f4d01eef97a18ce7ecea393eb6cf2d8a9c3/vendor/laravel/framework/src/Illuminate/Foundation/Http/Kernel.php(200): Illuminate\\Routing\\Router->dispatch()
#61 /home/470763.cloudwaysapps.com/tudjznbtye/public_html/releases/a77e6f4d01eef97a18ce7ecea393eb6cf2d8a9c3/vendor/laravel/framework/src/Illuminate/Pipeline/Pipeline.php(141): Illuminate\\Foundation\\Http\\Kernel->Illuminate\\Foundation\\Http\\{closure}()
#62 /home/470763.cloudwaysapps.com/tudjznbtye/public_html/releases/a77e6f4d01eef97a18ce7ecea393eb6cf2d8a9c3/nova-components/nova-impersonate/src/Http/Middleware/Impersonate.php(24): Illuminate\\Pipeline\\Pipeline->Illuminate\\Pipeline\\{closure}()
#63 /home/470763.cloudwaysapps.com/tudjznbtye/public_html/releases/a77e6f4d01eef97a18ce7ecea393eb6cf2d8a9c3/vendor/laravel/framework/src/Illuminate/Pipeline/Pipeline.php(180): trosthelden\\NovaImpersonate\\Http\\Middleware\\Impersonate->handle()
#64 /home/470763.cloudwaysapps.com/tudjznbtye/public_html/releases/a77e6f4d01eef97a18ce7ecea393eb6cf2d8a9c3/vendor/laravel/nova/src/Http/Middleware/ServeNova.php(23): Illuminate\\Pipeline\\Pipeline->Illuminate\\Pipeline\\{closure}()
#65 /home/470763.cloudwaysapps.com/tudjznbtye/public_html/releases/a77e6f4d01eef97a18ce7ecea393eb6cf2d8a9c3/vendor/laravel/framework/src/Illuminate/Pipeline/Pipeline.php(180): Laravel\\Nova\\Http\\Middleware\\ServeNova->handle()
#66 /home/470763.cloudwaysapps.com/tudjznbtye/public_html/releases/a77e6f4d01eef97a18ce7ecea393eb6cf2d8a9c3/vendor/spatie/laravel-robots-middleware/src/RobotsMiddleware.php(14): Illuminate\\Pipeline\\Pipeline->Illuminate\\Pipeline\\{closure}()
#67 /home/470763.cloudwaysapps.com/tudjznbtye/public_html/releases/a77e6f4d01eef97a18ce7ecea393eb6cf2d8a9c3/vendor/laravel/framework/src/Illuminate/Pipeline/Pipeline.php(180): Spatie\\RobotsMiddleware\\RobotsMiddleware->handle()
#68 /home/470763.cloudwaysapps.com/tudjznbtye/public_html/releases/a77e6f4d01eef97a18ce7ecea393eb6cf2d8a9c3/vendor/laravel/framework/src/Illuminate/Foundation/Http/Middleware/TransformsRequest.php(21): Illuminate\\Pipeline\\Pipeline->Illuminate\\Pipeline\\{closure}()
#69 /home/470763.cloudwaysapps.com/tudjznbtye/public_html/releases/a77e6f4d01eef97a18ce7ecea393eb6cf2d8a9c3/vendor/laravel/framework/src/Illuminate/Foundation/Http/Middleware/ConvertEmptyStringsToNull.php(31): Illuminate\\Foundation\\Http\\Middleware\\TransformsRequest->handle()
#70 /home/470763.cloudwaysapps.com/tudjznbtye/public_html/releases/a77e6f4d01eef97a18ce7ecea393eb6cf2d8a9c3/vendor/laravel/framework/src/Illuminate/Pipeline/Pipeline.php(180): Illuminate\\Foundation\\Http\\Middleware\\ConvertEmptyStringsToNull->handle()
#71 /home/470763.cloudwaysapps.com/tudjznbtye/public_html/releases/a77e6f4d01eef97a18ce7ecea393eb6cf2d8a9c3/vendor/laravel/framework/src/Illuminate/Foundation/Http/Middleware/TransformsRequest.php(21): Illuminate\\Pipeline\\Pipeline->Illuminate\\Pipeline\\{closure}()
#72 /home/470763.cloudwaysapps.com/tudjznbtye/public_html/releases/a77e6f4d01eef97a18ce7ecea393eb6cf2d8a9c3/vendor/laravel/framework/src/Illuminate/Foundation/Http/Middleware/TrimStrings.php(40): Illuminate\\Foundation\\Http\\Middleware\\TransformsRequest->handle()
#73 /home/470763.cloudwaysapps.com/tudjznbtye/public_html/releases/a77e6f4d01eef97a18ce7ecea393eb6cf2d8a9c3/vendor/laravel/framework/src/Illuminate/Pipeline/Pipeline.php(180): Illuminate\\Foundation\\Http\\Middleware\\TrimStrings->handle()
#74 /home/470763.cloudwaysapps.com/tudjznbtye/public_html/releases/a77e6f4d01eef97a18ce7ecea393eb6cf2d8a9c3/vendor/laravel/framework/src/Illuminate/Foundation/Http/Middleware/ValidatePostSize.php(27): Illuminate\\Pipeline\\Pipeline->Illuminate\\Pipeline\\{closure}()
#75 /home/470763.cloudwaysapps.com/tudjznbtye/public_html/releases/a77e6f4d01eef97a18ce7ecea393eb6cf2d8a9c3/vendor/laravel/framework/src/Illuminate/Pipeline/Pipeline.php(180): Illuminate\\Foundation\\Http\\Middleware\\ValidatePostSize->handle()
#76 /home/470763.cloudwaysapps.com/tudjznbtye/public_html/releases/a77e6f4d01eef97a18ce7ecea393eb6cf2d8a9c3/vendor/laravel/framework/src/Illuminate/Foundation/Http/Middleware/PreventRequestsDuringMaintenance.php(99): Illuminate\\Pipeline\\Pipeline->Illuminate\\Pipeline\\{closure}()
#77 /home/470763.cloudwaysapps.com/tudjznbtye/public_html/releases/a77e6f4d01eef97a18ce7ecea393eb6cf2d8a9c3/vendor/laravel/framework/src/Illuminate/Pipeline/Pipeline.php(180): Illuminate\\Foundation\\Http\\Middleware\\PreventRequestsDuringMaintenance->handle()
#78 /home/470763.cloudwaysapps.com/tudjznbtye/public_html/releases/a77e6f4d01eef97a18ce7ecea393eb6cf2d8a9c3/vendor/laravel/framework/src/Illuminate/Http/Middleware/TrustProxies.php(39): Illuminate\\Pipeline\\Pipeline->Illuminate\\Pipeline\\{closure}()
#79 /home/470763.cloudwaysapps.com/tudjznbtye/public_html/releases/a77e6f4d01eef97a18ce7ecea393eb6cf2d8a9c3/vendor/laravel/framework/src/Illuminate/Pipeline/Pipeline.php(180): Illuminate\\Http\\Middleware\\TrustProxies->handle()
#80 /home/470763.cloudwaysapps.com/tudjznbtye/public_html/releases/a77e6f4d01eef97a18ce7ecea393eb6cf2d8a9c3/app/Http/Middleware/MapAuthCookieToHeader.php(38): Illuminate\\Pipeline\\Pipeline->Illuminate\\Pipeline\\{closure}()
#81 /home/470763.cloudwaysapps.com/tudjznbtye/public_html/releases/a77e6f4d01eef97a18ce7ecea393eb6cf2d8a9c3/vendor/laravel/framework/src/Illuminate/Pipeline/Pipeline.php(180): App\\Http\\Middleware\\MapAuthCookieToHeader->handle()
#82 /home/470763.cloudwaysapps.com/tudjznbtye/public_html/releases/a77e6f4d01eef97a18ce7ecea393eb6cf2d8a9c3/vendor/laravel/framework/src/Illuminate/Http/Middleware/HandleCors.php(62): Illuminate\\Pipeline\\Pipeline->Illuminate\\Pipeline\\{closure}()
#83 /home/470763.cloudwaysapps.com/tudjznbtye/public_html/releases/a77e6f4d01eef97a18ce7ecea393eb6cf2d8a9c3/vendor/laravel/framework/src/Illuminate/Pipeline/Pipeline.php(180): Illuminate\\Http\\Middleware\\HandleCors->handle()
#84 /home/470763.cloudwaysapps.com/tudjznbtye/public_html/releases/a77e6f4d01eef97a18ce7ecea393eb6cf2d8a9c3/vendor/laravel/framework/src/Illuminate/Pipeline/Pipeline.php(116): Illuminate\\Pipeline\\Pipeline->Illuminate\\Pipeline\\{closure}()
#85 /home/470763.cloudwaysapps.com/tudjznbtye/public_html/releases/a77e6f4d01eef97a18ce7ecea393eb6cf2d8a9c3/vendor/laravel/framework/src/Illuminate/Foundation/Http/Kernel.php(175): Illuminate\\Pipeline\\Pipeline->then()
#86 /home/470763.cloudwaysapps.com/tudjznbtye/public_html/releases/a77e6f4d01eef97a18ce7ecea393eb6cf2d8a9c3/vendor/laravel/framework/src/Illuminate/Foundation/Http/Kernel.php(144): Illuminate\\Foundation\\Http\\Kernel->sendRequestThroughRouter()
#87 /home/470763.cloudwaysapps.com/tudjznbtye/public_html/releases/a77e6f4d01eef97a18ce7ecea393eb6cf2d8a9c3/public/index.php(55): Illuminate\\Foundation\\Http\\Kernel->handle()
#88 {main}

[previous exception] [object] (League\\OAuth2\\Server\\Exception\\OAuthServerException(code: 6): The user credentials were incorrect. at /home/470763.cloudwaysapps.com/tudjznbtye/public_html/releases/a77e6f4d01eef97a18ce7ecea393eb6cf2d8a9c3/vendor/league/oauth2-server/src/Exception/OAuthServerException.php:192)
[stacktrace]
#0 /home/470763.cloudwaysapps.com/tudjznbtye/public_html/releases/a77e6f4d01eef97a18ce7ecea393eb6cf2d8a9c3/vendor/league/oauth2-server/src/Grant/PasswordGrant.php(109): League\\OAuth2\\Server\\Exception\\OAuthServerException::invalidCredentials()
#1 /home/470763.cloudwaysapps.com/tudjznbtye/public_html/releases/a77e6f4d01eef97a18ce7ecea393eb6cf2d8a9c3/vendor/league/oauth2-server/src/Grant/PasswordGrant.php(56): League\\OAuth2\\Server\\Grant\\PasswordGrant->validateUser()
#2 /home/470763.cloudwaysapps.com/tudjznbtye/public_html/releases/a77e6f4d01eef97a18ce7ecea393eb6cf2d8a9c3/vendor/league/oauth2-server/src/AuthorizationServer.php(204): League\\OAuth2\\Server\\Grant\\PasswordGrant->respondToAccessTokenRequest()
#3 /home/470763.cloudwaysapps.com/tudjznbtye/public_html/releases/a77e6f4d01eef97a18ce7ecea393eb6cf2d8a9c3/vendor/laravel/passport/src/Http/Controllers/AccessTokenController.php(52): League\\OAuth2\\Server\\AuthorizationServer->respondToAccessTokenRequest()
#4 /home/470763.cloudwaysapps.com/tudjznbtye/public_html/releases/a77e6f4d01eef97a18ce7ecea393eb6cf2d8a9c3/vendor/laravel/passport/src/Http/Controllers/HandlesOAuthErrors.php(24): Laravel\\Passport\\Http\\Controllers\\AccessTokenController->Laravel\\Passport\\Http\\Controllers\\{closure}()
#5 /home/470763.cloudwaysapps.com/tudjznbtye/public_html/releases/a77e6f4d01eef97a18ce7ecea393eb6cf2d8a9c3/vendor/laravel/passport/src/Http/Controllers/AccessTokenController.php(54): Laravel\\Passport\\Http\\Controllers\\AccessTokenController->withErrorHandling()
#6 /home/470763.cloudwaysapps.com/tudjznbtye/public_html/releases/a77e6f4d01eef97a18ce7ecea393eb6cf2d8a9c3/vendor/laravel/framework/src/Illuminate/Routing/ControllerDispatcher.php(46): Laravel\\Passport\\Http\\Controllers\\AccessTokenController->issueToken()
#7 /home/470763.cloudwaysapps.com/tudjznbtye/public_html/releases/a77e6f4d01eef97a18ce7ecea393eb6cf2d8a9c3/vendor/laravel/framework/src/Illuminate/Routing/Route.php(260): Illuminate\\Routing\\ControllerDispatcher->dispatch()
#8 /home/470763.cloudwaysapps.com/tudjznbtye/public_html/releases/a77e6f4d01eef97a18ce7ecea393eb6cf2d8a9c3/vendor/laravel/framework/src/Illuminate/Routing/Route.php(205): Illuminate\\Routing\\Route->runController()
#9 /home/470763.cloudwaysapps.com/tudjznbtye/public_html/releases/a77e6f4d01eef97a18ce7ecea393eb6cf2d8a9c3/vendor/laravel/framework/src/Illuminate/Routing/Router.php(799): Illuminate\\Routing\\Route->run()
#10 /home/470763.cloudwaysapps.com/tudjznbtye/public_html/releases/a77e6f4d01eef97a18ce7ecea393eb6cf2d8a9c3/vendor/laravel/framework/src/Illuminate/Pipeline/Pipeline.php(141): Illuminate\\Routing\\Router->Illuminate\\Routing\\{closure}()
#11 /home/470763.cloudwaysapps.com/tudjznbtye/public_html/releases/a77e6f4d01eef97a18ce7ecea393eb6cf2d8a9c3/vendor/laravel/framework/src/Illuminate/Routing/Middleware/ThrottleRequests.php(159): Illuminate\\Pipeline\\Pipeline->Illuminate\\Pipeline\\{closure}()
#12 /home/470763.cloudwaysapps.com/tudjznbtye/public_html/releases/a77e6f4d01eef97a18ce7ecea393eb6cf2d8a9c3/vendor/laravel/framework/src/Illuminate/Routing/Middleware/ThrottleRequests.php(95): Illuminate\\Routing\\Middleware\\ThrottleRequests->handleRequest()
#13 /home/470763.cloudwaysapps.com/tudjznbtye/public_html/releases/a77e6f4d01eef97a18ce7ecea393eb6cf2d8a9c3/vendor/laravel/framework/src/Illuminate/Pipeline/Pipeline.php(180): Illuminate\\Routing\\Middleware\\ThrottleRequests->handle()
#14 /home/470763.cloudwaysapps.com/tudjznbtye/public_html/releases/a77e6f4d01eef97a18ce7ecea393eb6cf2d8a9c3/vendor/laravel/framework/src/Illuminate/Pipeline/Pipeline.php(116): Illuminate\\Pipeline\\Pipeline->Illuminate\\Pipeline\\{closure}()
#15 /home/470763.cloudwaysapps.com/tudjznbtye/public_html/releases/a77e6f4d01eef97a18ce7ecea393eb6cf2d8a9c3/vendor/laravel/framework/src/Illuminate/Routing/Router.php(800): Illuminate\\Pipeline\\Pipeline->then()
#16 /home/470763.cloudwaysapps.com/tudjznbtye/public_html/releases/a77e6f4d01eef97a18ce7ecea393eb6cf2d8a9c3/vendor/laravel/framework/src/Illuminate/Routing/Router.php(777): Illuminate\\Routing\\Router->runRouteWithinStack()
#17 /home/470763.cloudwaysapps.com/tudjznbtye/public_html/releases/a77e6f4d01eef97a18ce7ecea393eb6cf2d8a9c3/vendor/laravel/framework/src/Illuminate/Routing/Router.php(741): Illuminate\\Routing\\Router->runRoute()
#18 /home/470763.cloudwaysapps.com/tudjznbtye/public_html/releases/a77e6f4d01eef97a18ce7ecea393eb6cf2d8a9c3/vendor/laravel/framework/src/Illuminate/Routing/Router.php(730): Illuminate\\Routing\\Router->dispatchToRoute()
#19 /home/470763.cloudwaysapps.com/tudjznbtye/public_html/releases/a77e6f4d01eef97a18ce7ecea393eb6cf2d8a9c3/vendor/laravel/framework/src/Illuminate/Foundation/Http/Kernel.php(200): Illuminate\\Routing\\Router->dispatch()
#20 /home/470763.cloudwaysapps.com/tudjznbtye/public_html/releases/a77e6f4d01eef97a18ce7ecea393eb6cf2d8a9c3/vendor/laravel/framework/src/Illuminate/Pipeline/Pipeline.php(141): Illuminate\\Foundation\\Http\\Kernel->Illuminate\\Foundation\\Http\\{closure}()
#21 /home/470763.cloudwaysapps.com/tudjznbtye/public_html/releases/a77e6f4d01eef97a18ce7ecea393eb6cf2d8a9c3/nova-components/nova-impersonate/src/Http/Middleware/Impersonate.php(24): Illuminate\\Pipeline\\Pipeline->Illuminate\\Pipeline\\{closure}()
#22 /home/470763.cloudwaysapps.com/tudjznbtye/public_html/releases/a77e6f4d01eef97a18ce7ecea393eb6cf2d8a9c3/vendor/laravel/framework/src/Illuminate/Pipeline/Pipeline.php(180): trosthelden\\NovaImpersonate\\Http\\Middleware\\Impersonate->handle()
#23 /home/470763.cloudwaysapps.com/tudjznbtye/public_html/releases/a77e6f4d01eef97a18ce7ecea393eb6cf2d8a9c3/vendor/laravel/nova/src/Http/Middleware/ServeNova.php(23): Illuminate\\Pipeline\\Pipeline->Illuminate\\Pipeline\\{closure}()
#24 /home/470763.cloudwaysapps.com/tudjznbtye/public_html/releases/a77e6f4d01eef97a18ce7ecea393eb6cf2d8a9c3/vendor/laravel/framework/src/Illuminate/Pipeline/Pipeline.php(180): Laravel\\Nova\\Http\\Middleware\\ServeNova->handle()
#25 /home/470763.cloudwaysapps.com/tudjznbtye/public_html/releases/a77e6f4d01eef97a18ce7ecea393eb6cf2d8a9c3/vendor/spatie/laravel-robots-middleware/src/RobotsMiddleware.php(14): Illuminate\\Pipeline\\Pipeline->Illuminate\\Pipeline\\{closure}()
#26 /home/470763.cloudwaysapps.com/tudjznbtye/public_html/releases/a77e6f4d01eef97a18ce7ecea393eb6cf2d8a9c3/vendor/laravel/framework/src/Illuminate/Pipeline/Pipeline.php(180): Spatie\\RobotsMiddleware\\RobotsMiddleware->handle()
#27 /home/470763.cloudwaysapps.com/tudjznbtye/public_html/releases/a77e6f4d01eef97a18ce7ecea393eb6cf2d8a9c3/vendor/laravel/framework/src/Illuminate/Foundation/Http/Middleware/TransformsRequest.php(21): Illuminate\\Pipeline\\Pipeline->Illuminate\\Pipeline\\{closure}()
#28 /home/470763.cloudwaysapps.com/tudjznbtye/public_html/releases/a77e6f4d01eef97a18ce7ecea393eb6cf2d8a9c3/vendor/laravel/framework/src/Illuminate/Foundation/Http/Middleware/ConvertEmptyStringsToNull.php(31): Illuminate\\Foundation\\Http\\Middleware\\TransformsRequest->handle()
#29 /home/470763.cloudwaysapps.com/tudjznbtye/public_html/releases/a77e6f4d01eef97a18ce7ecea393eb6cf2d8a9c3/vendor/laravel/framework/src/Illuminate/Pipeline/Pipeline.php(180): Illuminate\\Foundation\\Http\\Middleware\\ConvertEmptyStringsToNull->handle()
#30 /home/470763.cloudwaysapps.com/tudjznbtye/public_html/releases/a77e6f4d01eef97a18ce7ecea393eb6cf2d8a9c3/vendor/laravel/framework/src/Illuminate/Foundation/Http/Middleware/TransformsRequest.php(21): Illuminate\\Pipeline\\Pipeline->Illuminate\\Pipeline\\{closure}()
#31 /home/470763.cloudwaysapps.com/tudjznbtye/public_html/releases/a77e6f4d01eef97a18ce7ecea393eb6cf2d8a9c3/vendor/laravel/framework/src/Illuminate/Foundation/Http/Middleware/TrimStrings.php(40): Illuminate\\Foundation\\Http\\Middleware\\TransformsRequest->handle()
#32 /home/470763.cloudwaysapps.com/tudjznbtye/public_html/releases/a77e6f4d01eef97a18ce7ecea393eb6cf2d8a9c3/vendor/laravel/framework/src/Illuminate/Pipeline/Pipeline.php(180): Illuminate\\Foundation\\Http\\Middleware\\TrimStrings->handle()
#33 /home/470763.cloudwaysapps.com/tudjznbtye/public_html/releases/a77e6f4d01eef97a18ce7ecea393eb6cf2d8a9c3/vendor/laravel/framework/src/Illuminate/Foundation/Http/Middleware/ValidatePostSize.php(27): Illuminate\\Pipeline\\Pipeline->Illuminate\\Pipeline\\{closure}()
#34 /home/470763.cloudwaysapps.com/tudjznbtye/public_html/releases/a77e6f4d01eef97a18ce7ecea393eb6cf2d8a9c3/vendor/laravel/framework/src/Illuminate/Pipeline/Pipeline.php(180): Illuminate\\Foundation\\Http\\Middleware\\ValidatePostSize->handle()
#35 /home/470763.cloudwaysapps.com/tudjznbtye/public_html/releases/a77e6f4d01eef97a18ce7ecea393eb6cf2d8a9c3/vendor/laravel/framework/src/Illuminate/Foundation/Http/Middleware/PreventRequestsDuringMaintenance.php(99): Illuminate\\Pipeline\\Pipeline->Illuminate\\Pipeline\\{closure}()
#36 /home/470763.cloudwaysapps.com/tudjznbtye/public_html/releases/a77e6f4d01eef97a18ce7ecea393eb6cf2d8a9c3/vendor/laravel/framework/src/Illuminate/Pipeline/Pipeline.php(180): Illuminate\\Foundation\\Http\\Middleware\\PreventRequestsDuringMaintenance->handle()
#37 /home/470763.cloudwaysapps.com/tudjznbtye/public_html/releases/a77e6f4d01eef97a18ce7ecea393eb6cf2d8a9c3/vendor/laravel/framework/src/Illuminate/Http/Middleware/TrustProxies.php(39): Illuminate\\Pipeline\\Pipeline->Illuminate\\Pipeline\\{closure}()
#38 /home/470763.cloudwaysapps.com/tudjznbtye/public_html/releases/a77e6f4d01eef97a18ce7ecea393eb6cf2d8a9c3/vendor/laravel/framework/src/Illuminate/Pipeline/Pipeline.php(180): Illuminate\\Http\\Middleware\\TrustProxies->handle()
#39 /home/470763.cloudwaysapps.com/tudjznbtye/public_html/releases/a77e6f4d01eef97a18ce7ecea393eb6cf2d8a9c3/app/Http/Middleware/MapAuthCookieToHeader.php(38): Illuminate\\Pipeline\\Pipeline->Illuminate\\Pipeline\\{closure}()
#40 /home/470763.cloudwaysapps.com/tudjznbtye/public_html/releases/a77e6f4d01eef97a18ce7ecea393eb6cf2d8a9c3/vendor/laravel/framework/src/Illuminate/Pipeline/Pipeline.php(180): App\\Http\\Middleware\\MapAuthCookieToHeader->handle()
#41 /home/470763.cloudwaysapps.com/tudjznbtye/public_html/releases/a77e6f4d01eef97a18ce7ecea393eb6cf2d8a9c3/vendor/laravel/framework/src/Illuminate/Http/Middleware/HandleCors.php(62): Illuminate\\Pipeline\\Pipeline->Illuminate\\Pipeline\\{closure}()
#42 /home/470763.cloudwaysapps.com/tudjznbtye/public_html/releases/a77e6f4d01eef97a18ce7ecea393eb6cf2d8a9c3/vendor/laravel/framework/src/Illuminate/Pipeline/Pipeline.php(180): Illuminate\\Http\\Middleware\\HandleCors->handle()
#43 /home/470763.cloudwaysapps.com/tudjznbtye/public_html/releases/a77e6f4d01eef97a18ce7ecea393eb6cf2d8a9c3/vendor/laravel/framework/src/Illuminate/Pipeline/Pipeline.php(116): Illuminate\\Pipeline\\Pipeline->Illuminate\\Pipeline\\{closure}()
#44 /home/470763.cloudwaysapps.com/tudjznbtye/public_html/releases/a77e6f4d01eef97a18ce7ecea393eb6cf2d8a9c3/vendor/laravel/framework/src/Illuminate/Foundation/Http/Kernel.php(175): Illuminate\\Pipeline\\Pipeline->then()
#45 /home/470763.cloudwaysapps.com/tudjznbtye/public_html/releases/a77e6f4d01eef97a18ce7ecea393eb6cf2d8a9c3/vendor/laravel/framework/src/Illuminate/Foundation/Http/Kernel.php(144): Illuminate\\Foundation\\Http\\Kernel->sendRequestThroughRouter()
#46 /home/470763.cloudwaysapps.com/tudjznbtye/public_html/releases/a77e6f4d01eef97a18ce7ecea393eb6cf2d8a9c3/vendor/laravel/framework/src/Illuminate/Foundation/Application.php(1084): Illuminate\\Foundation\\Http\\Kernel->handle()
#47 /home/470763.cloudwaysapps.com/tudjznbtye/public_html/releases/a77e6f4d01eef97a18ce7ecea393eb6cf2d8a9c3/app/Http/Controllers/Auth/AccessTokensController.php(212): Illuminate\\Foundation\\Application->handle()
#48 /home/470763.cloudwaysapps.com/tudjznbtye/public_html/releases/a77e6f4d01eef97a18ce7ecea393eb6cf2d8a9c3/app/Http/Controllers/Auth/AccessTokensController.php(90): App\\Http\\Controllers\\Auth\\AccessTokensController->requestPasswordGrant()
#49 /home/470763.cloudwaysapps.com/tudjznbtye/public_html/releases/a77e6f4d01eef97a18ce7ecea393eb6cf2d8a9c3/vendor/laravel/framework/src/Illuminate/Routing/Controller.php(54): App\\Http\\Controllers\\Auth\\AccessTokensController->store()
#50 /home/470763.cloudwaysapps.com/tudjznbtye/public_html/releases/a77e6f4d01eef97a18ce7ecea393eb6cf2d8a9c3/vendor/laravel/framework/src/Illuminate/Routing/ControllerDispatcher.php(43): Illuminate\\Routing\\Controller->callAction()
#51 /home/470763.cloudwaysapps.com/tudjznbtye/public_html/releases/a77e6f4d01eef97a18ce7ecea393eb6cf2d8a9c3/vendor/laravel/framework/src/Illuminate/Routing/Route.php(260): Illuminate\\Routing\\ControllerDispatcher->dispatch()
#52 /home/470763.cloudwaysapps.com/tudjznbtye/public_html/releases/a77e6f4d01eef97a18ce7ecea393eb6cf2d8a9c3/vendor/laravel/framework/src/Illuminate/Routing/Route.php(205): Illuminate\\Routing\\Route->runController()
#53 /home/470763.cloudwaysapps.com/tudjznbtye/public_html/releases/a77e6f4d01eef97a18ce7ecea393eb6cf2d8a9c3/vendor/laravel/framework/src/Illuminate/Routing/Router.php(799): Illuminate\\Routing\\Route->run()
#54 /home/470763.cloudwaysapps.com/tudjznbtye/public_html/releases/a77e6f4d01eef97a18ce7ecea393eb6cf2d8a9c3/vendor/laravel/framework/src/Illuminate/Pipeline/Pipeline.php(141): Illuminate\\Routing\\Router->Illuminate\\Routing\\{closure}()
#55 /home/470763.cloudwaysapps.com/tudjznbtye/public_html/releases/a77e6f4d01eef97a18ce7ecea393eb6cf2d8a9c3/vendor/laravel/framework/src/Illuminate/Routing/Middleware/SubstituteBindings.php(50): Illuminate\\Pipeline\\Pipeline->Illuminate\\Pipeline\\{closure}()
#56 /home/470763.cloudwaysapps.com/tudjznbtye/public_html/releases/a77e6f4d01eef97a18ce7ecea393eb6cf2d8a9c3/vendor/laravel/framework/src/Illuminate/Pipeline/Pipeline.php(180): Illuminate\\Routing\\Middleware\\SubstituteBindings->handle()
#57 /home/470763.cloudwaysapps.com/tudjznbtye/public_html/releases/a77e6f4d01eef97a18ce7ecea393eb6cf2d8a9c3/vendor/laravel/framework/src/Illuminate/Routing/Middleware/ThrottleRequests.php(159): Illuminate\\Pipeline\\Pipeline->Illuminate\\Pipeline\\{closure}()
#58 /home/470763.cloudwaysapps.com/tudjznbtye/public_html/releases/a77e6f4d01eef97a18ce7ecea393eb6cf2d8a9c3/vendor/laravel/framework/src/Illuminate/Routing/Middleware/ThrottleRequests.php(95): Illuminate\\Routing\\Middleware\\ThrottleRequests->handleRequest()
#59 /home/470763.cloudwaysapps.com/tudjznbtye/public_html/releases/a77e6f4d01eef97a18ce7ecea393eb6cf2d8a9c3/vendor/laravel/framework/src/Illuminate/Pipeline/Pipeline.php(180): Illuminate\\Routing\\Middleware\\ThrottleRequests->handle()
#60 /home/470763.cloudwaysapps.com/tudjznbtye/public_html/releases/a77e6f4d01eef97a18ce7ecea393eb6cf2d8a9c3/vendor/laravel/framework/src/Illuminate/Pipeline/Pipeline.php(116): Illuminate\\Pipeline\\Pipeline->Illuminate\\Pipeline\\{closure}()
#61 /home/470763.cloudwaysapps.com/tudjznbtye/public_html/releases/a77e6f4d01eef97a18ce7ecea393eb6cf2d8a9c3/vendor/laravel/framework/src/Illuminate/Routing/Router.php(800): Illuminate\\Pipeline\\Pipeline->then()
#62 /home/470763.cloudwaysapps.com/tudjznbtye/public_html/releases/a77e6f4d01eef97a18ce7ecea393eb6cf2d8a9c3/vendor/laravel/framework/src/Illuminate/Routing/Router.php(777): Illuminate\\Routing\\Router->runRouteWithinStack()
#63 /home/470763.cloudwaysapps.com/tudjznbtye/public_html/releases/a77e6f4d01eef97a18ce7ecea393eb6cf2d8a9c3/vendor/laravel/framework/src/Illuminate/Routing/Router.php(741): Illuminate\\Routing\\Router->runRoute()
#64 /home/470763.cloudwaysapps.com/tudjznbtye/public_html/releases/a77e6f4d01eef97a18ce7ecea393eb6cf2d8a9c3/vendor/laravel/framework/src/Illuminate/Routing/Router.php(730): Illuminate\\Routing\\Router->dispatchToRoute()
#65 /home/470763.cloudwaysapps.com/tudjznbtye/public_html/releases/a77e6f4d01eef97a18ce7ecea393eb6cf2d8a9c3/vendor/laravel/framework/src/Illuminate/Foundation/Http/Kernel.php(200): Illuminate\\Routing\\Router->dispatch()
#66 /home/470763.cloudwaysapps.com/tudjznbtye/public_html/releases/a77e6f4d01eef97a18ce7ecea393eb6cf2d8a9c3/vendor/laravel/framework/src/Illuminate/Pipeline/Pipeline.php(141): Illuminate\\Foundation\\Http\\Kernel->Illuminate\\Foundation\\Http\\{closure}()
#67 /home/470763.cloudwaysapps.com/tudjznbtye/public_html/releases/a77e6f4d01eef97a18ce7ecea393eb6cf2d8a9c3/nova-components/nova-impersonate/src/Http/Middleware/Impersonate.php(24): Illuminate\\Pipeline\\Pipeline->Illuminate\\Pipeline\\{closure}()
#68 /home/470763.cloudwaysapps.com/tudjznbtye/public_html/releases/a77e6f4d01eef97a18ce7ecea393eb6cf2d8a9c3/vendor/laravel/framework/src/Illuminate/Pipeline/Pipeline.php(180): trosthelden\\NovaImpersonate\\Http\\Middleware\\Impersonate->handle()
#69 /home/470763.cloudwaysapps.com/tudjznbtye/public_html/releases/a77e6f4d01eef97a18ce7ecea393eb6cf2d8a9c3/vendor/laravel/nova/src/Http/Middleware/ServeNova.php(23): Illuminate\\Pipeline\\Pipeline->Illuminate\\Pipeline\\{closure}()
#70 /home/470763.cloudwaysapps.com/tudjznbtye/public_html/releases/a77e6f4d01eef97a18ce7ecea393eb6cf2d8a9c3/vendor/laravel/framework/src/Illuminate/Pipeline/Pipeline.php(180): Laravel\\Nova\\Http\\Middleware\\ServeNova->handle()
#71 /home/470763.cloudwaysapps.com/tudjznbtye/public_html/releases/a77e6f4d01eef97a18ce7ecea393eb6cf2d8a9c3/vendor/spatie/laravel-robots-middleware/src/RobotsMiddleware.php(14): Illuminate\\Pipeline\\Pipeline->Illuminate\\Pipeline\\{closure}()
#72 /home/470763.cloudwaysapps.com/tudjznbtye/public_html/releases/a77e6f4d01eef97a18ce7ecea393eb6cf2d8a9c3/vendor/laravel/framework/src/Illuminate/Pipeline/Pipeline.php(180): Spatie\\RobotsMiddleware\\RobotsMiddleware->handle()
#73 /home/470763.cloudwaysapps.com/tudjznbtye/public_html/releases/a77e6f4d01eef97a18ce7ecea393eb6cf2d8a9c3/vendor/laravel/framework/src/Illuminate/Foundation/Http/Middleware/TransformsRequest.php(21): Illuminate\\Pipeline\\Pipeline->Illuminate\\Pipeline\\{closure}()
#74 /home/470763.cloudwaysapps.com/tudjznbtye/public_html/releases/a77e6f4d01eef97a18ce7ecea393eb6cf2d8a9c3/vendor/laravel/framework/src/Illuminate/Foundation/Http/Middleware/ConvertEmptyStringsToNull.php(31): Illuminate\\Foundation\\Http\\Middleware\\TransformsRequest->handle()
#75 /home/470763.cloudwaysapps.com/tudjznbtye/public_html/releases/a77e6f4d01eef97a18ce7ecea393eb6cf2d8a9c3/vendor/laravel/framework/src/Illuminate/Pipeline/Pipeline.php(180): Illuminate\\Foundation\\Http\\Middleware\\ConvertEmptyStringsToNull->handle()
#76 /home/470763.cloudwaysapps.com/tudjznbtye/public_html/releases/a77e6f4d01eef97a18ce7ecea393eb6cf2d8a9c3/vendor/laravel/framework/src/Illuminate/Foundation/Http/Middleware/TransformsRequest.php(21): Illuminate\\Pipeline\\Pipeline->Illuminate\\Pipeline\\{closure}()
#77 /home/470763.cloudwaysapps.com/tudjznbtye/public_html/releases/a77e6f4d01eef97a18ce7ecea393eb6cf2d8a9c3/vendor/laravel/framework/src/Illuminate/Foundation/Http/Middleware/TrimStrings.php(40): Illuminate\\Foundation\\Http\\Middleware\\TransformsRequest->handle()
#78 /home/470763.cloudwaysapps.com/tudjznbtye/public_html/releases/a77e6f4d01eef97a18ce7ecea393eb6cf2d8a9c3/vendor/laravel/framework/src/Illuminate/Pipeline/Pipeline.php(180): Illuminate\\Foundation\\Http\\Middleware\\TrimStrings->handle()
#79 /home/470763.cloudwaysapps.com/tudjznbtye/public_html/releases/a77e6f4d01eef97a18ce7ecea393eb6cf2d8a9c3/vendor/laravel/framework/src/Illuminate/Foundation/Http/Middleware/ValidatePostSize.php(27): Illuminate\\Pipeline\\Pipeline->Illuminate\\Pipeline\\{closure}()
#80 /home/470763.cloudwaysapps.com/tudjznbtye/public_html/releases/a77e6f4d01eef97a18ce7ecea393eb6cf2d8a9c3/vendor/laravel/framework/src/Illuminate/Pipeline/Pipeline.php(180): Illuminate\\Foundation\\Http\\Middleware\\ValidatePostSize->handle()
#81 /home/470763.cloudwaysapps.com/tudjznbtye/public_html/releases/a77e6f4d01eef97a18ce7ecea393eb6cf2d8a9c3/vendor/laravel/framework/src/Illuminate/Foundation/Http/Middleware/PreventRequestsDuringMaintenance.php(99): Illuminate\\Pipeline\\Pipeline->Illuminate\\Pipeline\\{closure}()
#82 /home/470763.cloudwaysapps.com/tudjznbtye/public_html/releases/a77e6f4d01eef97a18ce7ecea393eb6cf2d8a9c3/vendor/laravel/framework/src/Illuminate/Pipeline/Pipeline.php(180): Illuminate\\Foundation\\Http\\Middleware\\PreventRequestsDuringMaintenance->handle()
#83 /home/470763.cloudwaysapps.com/tudjznbtye/public_html/releases/a77e6f4d01eef97a18ce7ecea393eb6cf2d8a9c3/vendor/laravel/framework/src/Illuminate/Http/Middleware/TrustProxies.php(39): Illuminate\\Pipeline\\Pipeline->Illuminate\\Pipeline\\{closure}()
#84 /home/470763.cloudwaysapps.com/tudjznbtye/public_html/releases/a77e6f4d01eef97a18ce7ecea393eb6cf2d8a9c3/vendor/laravel/framework/src/Illuminate/Pipeline/Pipeline.php(180): Illuminate\\Http\\Middleware\\TrustProxies->handle()
#85 /home/470763.cloudwaysapps.com/tudjznbtye/public_html/releases/a77e6f4d01eef97a18ce7ecea393eb6cf2d8a9c3/app/Http/Middleware/MapAuthCookieToHeader.php(38): Illuminate\\Pipeline\\Pipeline->Illuminate\\Pipeline\\{closure}()
#86 /home/470763.cloudwaysapps.com/tudjznbtye/public_html/releases/a77e6f4d01eef97a18ce7ecea393eb6cf2d8a9c3/vendor/laravel/framework/src/Illuminate/Pipeline/Pipeline.php(180): App\\Http\\Middleware\\MapAuthCookieToHeader->handle()
#87 /home/470763.cloudwaysapps.com/tudjznbtye/public_html/releases/a77e6f4d01eef97a18ce7ecea393eb6cf2d8a9c3/vendor/laravel/framework/src/Illuminate/Http/Middleware/HandleCors.php(62): Illuminate\\Pipeline\\Pipeline->Illuminate\\Pipeline\\{closure}()
#88 /home/470763.cloudwaysapps.com/tudjznbtye/public_html/releases/a77e6f4d01eef97a18ce7ecea393eb6cf2d8a9c3/vendor/laravel/framework/src/Illuminate/Pipeline/Pipeline.php(180): Illuminate\\Http\\Middleware\\HandleCors->handle()
#89 /home/470763.cloudwaysapps.com/tudjznbtye/public_html/releases/a77e6f4d01eef97a18ce7ecea393eb6cf2d8a9c3/vendor/laravel/framework/src/Illuminate/Pipeline/Pipeline.php(116): Illuminate\\Pipeline\\Pipeline->Illuminate\\Pipeline\\{closure}()
#90 /home/470763.cloudwaysapps.com/tudjznbtye/public_html/releases/a77e6f4d01eef97a18ce7ecea393eb6cf2d8a9c3/vendor/laravel/framework/src/Illuminate/Foundation/Http/Kernel.php(175): Illuminate\\Pipeline\\Pipeline->then()
#91 /home/470763.cloudwaysapps.com/tudjznbtye/public_html/releases/a77e6f4d01eef97a18ce7ecea393eb6cf2d8a9c3/vendor/laravel/framework/src/Illuminate/Foundation/Http/Kernel.php(144): Illuminate\\Foundation\\Http\\Kernel->sendRequestThroughRouter()
#92 /home/470763.cloudwaysapps.com/tudjznbtye/public_html/releases/a77e6f4d01eef97a18ce7ecea393eb6cf2d8a9c3/public/index.php(55): Illuminate\\Foundation\\Http\\Kernel->handle()
#93 {main}
"} 
[2023-11-28 21:06:26] production.DEBUG: SENDINBLUE GET CONTACT: user: antje.rosenau@web.de [404] Client error: `GET https://api.brevo.com/v3/contacts/antje.rosenau%40web.de` resulted in a `404 Not Found` response:
{"code":"document_not_found","message":"Contact does not exist"}
  
[2023-11-28 21:08:38] production.DEBUG: SENDINBLUE EMIT EVENT : user: antje.rosenau@web.de event: Neue Anmeldung attributes: {"DOUBLE_OPT-IN":1,"NOTIFICATION_AKTIONEN":true,"NOTIFICATION_BEFRAGUNG":true,"NOTIFICATION_AUTOMATION":true,"REGISTER_DATE":"2023-11-28"}  
[2023-11-28 21:09:31] production.DEBUG: SENDINBLUE EMIT EVENT : user: antje.rosenau@web.de event: Trauernder oder Trauerhelfer attributes: {"MEMBER_TYPE":"mourner"}  
[2023-11-28 21:17:16] production.DEBUG: SENDINBLUE EMIT EVENT : user: antje.rosenau@web.de event: Fragebogen ausgefüllt attributes: {"FRABO_COMPLETE":true}  
[2023-11-28 21:19:14] production.DEBUG: SENDINBLUE EMIT EVENT : user: antje.rosenau@web.de event: Anfrage versenden attributes: {"PREMIUM_PAYWALL_SEEN":true}  
[2023-11-28 21:39:24] production.DEBUG: SENDINBLUE GET CONTACT: user: roterose1982@gmx.de [404] Client error: `GET https://api.brevo.com/v3/contacts/roterose1982%40gmx.de` resulted in a `404 Not Found` response:
{"code":"document_not_found","message":"Contact does not exist"}
  
[2023-11-28 21:40:05] production.DEBUG: SENDINBLUE EMIT EVENT : user: roterose1982@gmx.de event: Neue Anmeldung attributes: {"DOUBLE_OPT-IN":1,"NOTIFICATION_AKTIONEN":true,"NOTIFICATION_BEFRAGUNG":true,"NOTIFICATION_AUTOMATION":true,"REGISTER_DATE":"2023-11-28"}  
[2023-11-28 21:40:40] production.DEBUG: SENDINBLUE EMIT EVENT : user: roterose1982@gmx.de event: Trauernder oder Trauerhelfer attributes: {"MEMBER_TYPE":"mourner"}  
[2023-11-28 21:46:49] production.DEBUG: SENDINBLUE EMIT EVENT : user: roterose1982@gmx.de event: Fragebogen ausgefüllt attributes: {"FRABO_COMPLETE":true}  
[2023-11-28 21:52:22] production.DEBUG: SENDINBLUE EMIT EVENT : user: roterose1982@gmx.de event: Profilbild hochgeladen attributes: {"PROFILE_PICTURE_SET":true}  
[2023-11-28 21:53:04] production.DEBUG: SENDINBLUE EMIT EVENT : user: roterose1982@gmx.de event: Anfrage versenden attributes: {"PREMIUM_PAYWALL_SEEN":true}  
[2023-11-28 22:47:50] production.DEBUG: SENDINBLUE EMIT EVENT : user: k.bergunde@googlemail.com event: Profilspruch ausgefüllt attributes: {"PROFILE_SLOGAN_SET":true}  
[2023-11-28 22:57:56] production.DEBUG: SENDINBLUE EMIT EVENT : user: k.bergunde@googlemail.com event: Profilspruch ausgefüllt attributes: {"PROFILE_SLOGAN_SET":true}  
[2023-11-28 23:03:16] production.DEBUG: SENDINBLUE EMIT EVENT : user: k.bergunde@googlemail.com event: Anfrage versenden attributes: {"PREMIUM_PAYWALL_SEEN":true}  
